Copyright 1986-2018 Xilinx, Inc. All Rights Reserved.
-----------------------------------------------------------------------------------------------
| Tool Version : Vivado v.2018.2 (win64) Build 2258646 Thu Jun 14 20:03:12 MDT 2018
| Date         : Sun Oct 27 18:51:45 2024
| Host         : tendra running 64-bit major release  (build 9200)
| Command      : report_control_sets -verbose -file BomberGameTopLevel_control_sets_placed.rpt
| Design       : BomberGameTopLevel
| Device       : xc7a35t
-----------------------------------------------------------------------------------------------

Control Set Information

Table of Contents
-----------------
1. Summary
2. Histogram
3. Flip-Flop Distribution
4. Detailed Control Set Information

1. Summary
----------

+----------------------------------------------------------+-------+
|                          Status                          | Count |
+----------------------------------------------------------+-------+
| Number of unique control sets                            |    76 |
| Unused register locations in slices containing registers |   168 |
+----------------------------------------------------------+-------+


2. Histogram
------------

+--------+--------------+
| Fanout | Control Sets |
+--------+--------------+
|      2 |            1 |
|      6 |            1 |
|      8 |            4 |
|     12 |            1 |
|     14 |           13 |
|    16+ |           56 |
+--------+--------------+


3. Flip-Flop Distribution
-------------------------

+--------------+-----------------------+------------------------+-----------------+--------------+
| Clock Enable | Synchronous Set/Reset | Asynchronous Set/Reset | Total Registers | Total Slices |
+--------------+-----------------------+------------------------+-----------------+--------------+
| No           | No                    | No                     |             330 |           81 |
| No           | No                    | Yes                    |               0 |            0 |
| No           | Yes                   | No                     |            1062 |          144 |
| Yes          | No                    | No                     |             512 |          138 |
| Yes          | No                    | Yes                    |               0 |            0 |
| Yes          | Yes                   | No                     |             976 |          196 |
+--------------+-----------------------+------------------------+-----------------+--------------+


4. Detailed Control Set Information
-----------------------------------

+----------------------------------+----------------------------------------------------------------------------------------+-------------------------------------------------------------------------------------+------------------+----------------+
|           Clock Signal           |                                      Enable Signal                                     |                                   Set/Reset Signal                                  | Slice Load Count | Bel Load Count |
+----------------------------------+----------------------------------------------------------------------------------------+-------------------------------------------------------------------------------------+------------------+----------------+
| ~clk6p25m_BUFG                   |                                                                                        |                                                                                     |                1 |              2 |
|  DebounceC/clock_1khz/SLOW_CLOCK |                                                                                        |                                                                                     |                1 |              6 |
|  Player3MovementControl/clk      |                                                                                        |                                                                                     |                2 |              8 |
|  Player4MovementControl/clk      |                                                                                        |                                                                                     |                2 |              8 |
|  Player2MovementControl/clk      |                                                                                        |                                                                                     |                2 |              8 |
|  Player1MovementControl/clk      |                                                                                        |                                                                                     |                2 |              8 |
|  clk6p25m_BUFG                   | pixelColourControl/BombControl/FindFreeBomb/WhichPlayerBomb[5]_i_1_n_0                 |                                                                                     |                3 |             12 |
|  clk6p25m_BUFG                   | pixelColourControl/Player2MovementControl/TrackPlayer1Square/BlocksSet                 |                                                                                     |                7 |             14 |
|  clk6p25m_BUFG                   | pixelColourControl/Player2MovementControl/TrackPlayer1Square/SecondBlock[6]_i_1__0_n_0 | pixelColourControl/Player2MovementControl/TrackPlayer1Square/BlocksSet              |                4 |             14 |
|  clk6p25m_BUFG                   | pixelColourControl/Player1MovementControl/TrackPlayer1Square/FirstBlock[6]_i_1_n_0     | pixelColourControl/Player1MovementControl/TrackPlayer1Square/BlocksSet              |                4 |             14 |
|  clk6p25m_BUFG                   | pixelColourControl/Player3MovementControl/TrackPlayer1Square/BlocksSet                 |                                                                                     |                7 |             14 |
|  clk6p25m_BUFG                   | pixelColourControl/Player1MovementControl/TrackPlayer1Square/BlocksSet                 |                                                                                     |                7 |             14 |
|  clk6p25m_BUFG                   | pixelColourControl/Player3MovementControl/TrackPlayer1Square/SecondBlock[6]_i_1__1_n_0 | pixelColourControl/Player3MovementControl/TrackPlayer1Square/BlocksSet              |                3 |             14 |
|  clk6p25m_BUFG                   | pixelColourControl/Player1MovementControl/TrackPlayer1Square/SecondBlock[6]_i_1_n_0    | pixelColourControl/Player1MovementControl/TrackPlayer1Square/BlocksSet              |                7 |             14 |
|  clk6p25m_BUFG                   | pixelColourControl/Player4MovementControl/TrackPlayer1Square/SecondBlock[6]_i_1__2_n_0 | pixelColourControl/Player4MovementControl/TrackPlayer1Square/BlocksSet              |                4 |             14 |
|  clk6p25m_BUFG                   | pixelColourControl/Player4MovementControl/TrackPlayer1Square/BlocksSet                 |                                                                                     |                7 |             14 |
|  clk6p25m_BUFG                   | pixelColourControl/Player4MovementControl/TrackPlayer1Square/FirstBlock[6]_i_1__2_n_0  | pixelColourControl/Player4MovementControl/TrackPlayer1Square/BlocksSet              |                3 |             14 |
|  clk_IBUF_BUFG                   |                                                                                        |                                                                                     |                7 |             14 |
|  clk6p25m_BUFG                   | pixelColourControl/Player3MovementControl/TrackPlayer1Square/FirstBlock[6]_i_1__1_n_0  | pixelColourControl/Player3MovementControl/TrackPlayer1Square/BlocksSet              |                3 |             14 |
|  clk6p25m_BUFG                   | pixelColourControl/Player2MovementControl/TrackPlayer1Square/FirstBlock[6]_i_1__0_n_0  | pixelColourControl/Player2MovementControl/TrackPlayer1Square/BlocksSet              |                4 |             14 |
|  clk6p25m_BUFG                   | pixelColourControl/Player2MovementControl/TrackPlayer1Square/yBlock[2]_i_1__0_n_0      |                                                                                     |                3 |             18 |
|  clk6p25m_BUFG                   | pixelColourControl/Player1MovementControl/TrackPlayer1Square/yBlock[2]_i_1_n_0         |                                                                                     |                3 |             18 |
|  clk6p25m_BUFG                   | pixelColourControl/Player3MovementControl/TrackPlayer1Square/yBlock[2]_i_1__1_n_0      |                                                                                     |                3 |             18 |
|  clk6p25m_BUFG                   | pixelColourControl/Player4MovementControl/TrackPlayer1Square/yBlock[2]_i_1__2_n_0      |                                                                                     |                3 |             18 |
|  clk6p25m_BUFG                   | pixelColourControl/Player3MovementControl/TrackPlayer1Square/CEP                       |                                                                                     |                7 |             22 |
|  clk6p25m_BUFG                   | pixelColourControl/Player1MovementControl/TrackPlayer1Square/CEP                       |                                                                                     |                6 |             22 |
|  clk6p25m_BUFG                   | pixelColourControl/Player4MovementControl/TrackPlayer1Square/CEP                       |                                                                                     |                6 |             22 |
|  clk6p25m_BUFG                   | pixelColourControl/Player2MovementControl/TrackPlayer1Square/CEP                       |                                                                                     |                6 |             22 |
|  Player3MovementControl/clk      | pixelColourControl/Player3MovementControl/FuturePlayerMaxY                             | pixelColourControl/ColourControl/Player3/FuturePlayerMinX_reg[2][0]                 |                7 |             24 |
|  Player3MovementControl/clk      | pixelColourControl/Player3MovementControl/PlayerMaxY[5]_i_1__1_n_0                     | pixelColourControl/ColourControl/Player3/FuturePlayerMinX_reg[2][0]                 |                6 |             24 |
|  Player2MovementControl/clk      | pixelColourControl/Player2MovementControl/PlayerMaxY[5]_i_1__0_n_0                     | pixelColourControl/ColourControl/Player2/FuturePlayerMinX_reg[6][0]                 |                4 |             24 |
|  Player1MovementControl/clk      | pixelColourControl/Player1MovementControl/FuturePlayerMaxY                             | pixelColourControl/ColourControl/Player1/SR[0]                                      |                7 |             24 |
|  Player1MovementControl/clk      | pixelColourControl/Player1MovementControl/PlayerMaxY[5]_i_1_n_0                        | pixelColourControl/ColourControl/Player1/SR[0]                                      |                3 |             24 |
|  Player4MovementControl/clk      | pixelColourControl/Player4MovementControl/FuturePlayerMaxY                             | pixelColourControl/ColourControl/Player4/FuturePlayerMinX_reg[6][0]                 |                7 |             24 |
|  Player2MovementControl/clk      | pixelColourControl/Player2MovementControl/FuturePlayerMaxY                             | pixelColourControl/ColourControl/Player2/FuturePlayerMinX_reg[6][0]                 |                7 |             24 |
|  Player4MovementControl/clk      | pixelColourControl/Player4MovementControl/PlayerMaxY[5]_i_1__2_n_0                     | pixelColourControl/ColourControl/Player4/FuturePlayerMinX_reg[6][0]                 |                4 |             24 |
|  twohundredhz/CLK                |                                                                                        |                                                                                     |                3 |             26 |
|  Player3MovementControl/clk      | pixelColourControl/Player3MovementControl/FuturePlayerMinX                             | pixelColourControl/ColourControl/Player3/FuturePlayerMinX_reg[2][0]                 |               11 |             28 |
|  Player3MovementControl/clk      | pixelColourControl/Player3MovementControl/PlayerMaxX[6]_i_1__1_n_0                     | pixelColourControl/ColourControl/Player3/FuturePlayerMinX_reg[2][0]                 |                5 |             28 |
|  Player1MovementControl/clk      | pixelColourControl/Player1MovementControl/FuturePlayerMinX                             | pixelColourControl/ColourControl/Player1/SR[0]                                      |                8 |             28 |
|  Player2MovementControl/clk      | pixelColourControl/Player2MovementControl/PlayerMaxX[6]_i_1__0_n_0                     | pixelColourControl/ColourControl/Player2/FuturePlayerMinX_reg[6][0]                 |                5 |             28 |
|  Player2MovementControl/clk      | pixelColourControl/Player2MovementControl/FuturePlayerMinX                             | pixelColourControl/ColourControl/Player2/FuturePlayerMinX_reg[6][0]                 |               10 |             28 |
|  Player4MovementControl/clk      | pixelColourControl/Player4MovementControl/FuturePlayerMinX                             | pixelColourControl/ColourControl/Player4/FuturePlayerMinX_reg[6][0]                 |               11 |             28 |
|  Player4MovementControl/clk      | pixelColourControl/Player4MovementControl/PlayerMaxX[6]_i_1__2_n_0                     | pixelColourControl/ColourControl/Player4/FuturePlayerMinX_reg[6][0]                 |                5 |             28 |
|  Player1MovementControl/clk      | pixelColourControl/Player1MovementControl/PlayerMaxX[6]_i_1_n_0                        | pixelColourControl/ColourControl/Player1/SR[0]                                      |                5 |             28 |
|  SLOW_CLOCK                      |                                                                                        |                                                                                     |                7 |             30 |
|  SLOW_CLOCK                      |                                                                                        | ResetControl/pixel_data_reg[4]                                                      |                4 |             32 |
| ~clk6p25m_BUFG                   |                                                                                        | Oled_display/frame_counter[16]_i_1_n_0                                              |                5 |             34 |
| ~clk6p25m_BUFG                   | Oled_display/delay[0]_i_1_n_0                                                          |                                                                                     |                5 |             40 |
|  clk6p25m_BUFG                   | pixelColourControl/BombControl/FindFreeBomb/BombsBlock_reg[2][0]_rep__1                |                                                                                     |               17 |             58 |
|  clk6p25m_BUFG                   | pixelColourControl/BombControl/FindFreeBomb/BombsBlock_reg[1][1]_rep                   |                                                                                     |               19 |             60 |
|  clk6p25m_BUFG                   | pixelColourControl/BombControl/FindFreeBomb/BombsBlock_reg[0][1]_rep                   |                                                                                     |               20 |             62 |
|  clk6p25m_BUFG                   | pixelColourControl/BombControl/mod_inst2[2].ExplodeAnimation/counter_reg[3]_0          | pixelColourControl/BombControl/mod_inst2[2].ExplodeAnimation/counter[31]_i_1__1_n_0 |                9 |             64 |
|  clk6p25m_BUFG                   | pixelColourControl/BombControl/mod_inst2[0].ExplodeAnimation/p_31_out                  | pixelColourControl/BombControl/mod_inst2[0].ExplodeAnimation/counter[31]_i_1_n_0    |                9 |             64 |
|  clk6p25m_BUFG                   | pixelColourControl/BombControl/mod_inst1[1].Bombcounter/p_4_out                        | pixelColourControl/BombControl/mod_inst1[1].Bombcounter/count[0]_i_1__1_n_0         |                8 |             64 |
|  clk6p25m_BUFG                   | pixelColourControl/BombControl/mod_inst1[0].Bombcounter/p_5_out                        | pixelColourControl/BombControl/mod_inst1[0].Bombcounter/clear                       |                8 |             64 |
|  clk6p25m_BUFG                   | pixelColourControl/BombControl/mod_inst1[2].Bombcounter/p_3_out                        | pixelColourControl/BombControl/mod_inst1[2].Bombcounter/count[0]_i_1_n_0            |                8 |             64 |
| ~clk6p25m_BUFG                   | Oled_display/state                                                                     |                                                                                     |                9 |             64 |
|  clk6p25m_BUFG                   |                                                                                        | pixelColourControl/ColourControl/player_blink/clear                                 |                8 |             64 |
|  clk6p25m_BUFG                   |                                                                                        | SevenSegControl/onehz/clear_0                                                       |                8 |             64 |
|  clk6p25m_BUFG                   | ResetControl/count0                                                                    | ResetControl/clear                                                                  |                8 |             64 |
|  clk6p25m_BUFG                   | pixelColourControl/BombControl/mod_inst2[1].ExplodeAnimation/p_17_out                  | pixelColourControl/BombControl/mod_inst2[1].ExplodeAnimation/counter[31]_i_1__0_n_0 |                9 |             64 |
|  clk_IBUF_BUFG                   |                                                                                        | DebounceC/clock_1khz/COUNT[0]_i_1__4_n_0                                            |                8 |             64 |
|  clk_IBUF_BUFG                   |                                                                                        | pixelColourControl/Player2MovementControl/clk40hz/clear                             |                8 |             64 |
|  clk_IBUF_BUFG                   |                                                                                        | pixelColourControl/Player3MovementControl/clk40hz/clear                             |                8 |             64 |
|  clk_IBUF_BUFG                   |                                                                                        | pixelColourControl/Player1MovementControl/clk40hz/clear                             |                8 |             64 |
|  clk_IBUF_BUFG                   |                                                                                        | pixelColourControl/Player4MovementControl/clk40hz/clear                             |                8 |             64 |
|  clk_IBUF_BUFG                   |                                                                                        | clock_6p25MHZ/COUNT[0]_i_1__5_n_0                                                   |                8 |             64 |
|  clk_IBUF_BUFG                   |                                                                                        | twohundredhz/COUNT[0]_i_1__6_n_0                                                    |                8 |             64 |
|  clk6p25m_BUFG                   |                                                                                        | pixelColourControl/ColourControl/Player1/counter/reached_i_1_n_0                    |                9 |             66 |
|  clk6p25m_BUFG                   |                                                                                        | pixelColourControl/ColourControl/Player2/counter/reached_i_1__0_n_0                 |                9 |             66 |
|  clk6p25m_BUFG                   |                                                                                        | pixelColourControl/ColourControl/Player3/counter/reached_i_1__1_n_0                 |                9 |             66 |
|  clk6p25m_BUFG                   |                                                                                        | pixelColourControl/ColourControl/Player4/counter/reached_i_1__2_n_0                 |                9 |             66 |
|  clk_IBUF_BUFG                   |                                                                                        | DebounceC/counter/clear                                                             |                9 |             66 |
| ~clk6p25m_BUFG                   |                                                                                        | Oled_display/spi_word[39]_i_1_n_0                                                   |               18 |             90 |
|  clk6p25m_BUFG                   |                                                                                        |                                                                                     |               54 |            220 |
+----------------------------------+----------------------------------------------------------------------------------------+-------------------------------------------------------------------------------------+------------------+----------------+


