Copyright 1986-2018 Xilinx, Inc. All Rights Reserved.
----------------------------------------------------------------------------------------------------------------------------------------------------------------------------
| Tool Version     : Vivado v.2018.2 (win64) Build 2258646 Thu Jun 14 20:03:12 MDT 2018
| Date             : Fri Nov  1 18:14:18 2024
| Host             : DESKTOP-V4SV6TR running 64-bit major release  (build 9200)
| Command          : report_power -file BomberGameTopLevel_power_routed.rpt -pb BomberGameTopLevel_power_summary_routed.pb -rpx BomberGameTopLevel_power_routed.rpx
| Design           : BomberGameTopLevel
| Device           : xc7a35tcpg236-1
| Design State     : routed
| Grade            : commercial
| Process          : typical
| Characterization : Production
----------------------------------------------------------------------------------------------------------------------------------------------------------------------------

Power Report

Table of Contents
-----------------
1. Summary
1.1 On-Chip Components
1.2 Power Supply Summary
1.3 Confidence Level
2. Settings
2.1 Environment
2.2 Clock Constraints
3. Detailed Reports
3.1 By Hierarchy

1. Summary
----------

+--------------------------+--------------+
| Total On-Chip Power (W)  | 0.090        |
| Design Power Budget (W)  | Unspecified* |
| Power Budget Margin (W)  | NA           |
| Dynamic (W)              | 0.018        |
| Device Static (W)        | 0.072        |
| Effective TJA (C/W)      | 5.0          |
| Max Ambient (C)          | 84.5         |
| Junction Temperature (C) | 25.5         |
| Confidence Level         | Low          |
| Setting File             | ---          |
| Simulation Activity File | ---          |
| Design Nets Matched      | NA           |
+--------------------------+--------------+
* Specify Design Power Budget using, set_operating_conditions -design_power_budget <value in Watts>


1.1 On-Chip Components
----------------------

+----------------+-----------+----------+-----------+-----------------+
| On-Chip        | Power (W) | Used     | Available | Utilization (%) |
+----------------+-----------+----------+-----------+-----------------+
| Clocks         |     0.005 |        3 |       --- |             --- |
| Slice Logic    |     0.005 |    27497 |       --- |             --- |
|   LUT as Logic |     0.004 |    17514 |     20800 |           84.20 |
|   CARRY4       |    <0.001 |     1748 |      8150 |           21.45 |
|   Register     |    <0.001 |     3213 |     41600 |            7.72 |
|   BUFG         |    <0.001 |        6 |        32 |           18.75 |
|   F7/F8 Muxes  |    <0.001 |     1050 |     32600 |            3.22 |
|   Others       |     0.000 |      199 |       --- |             --- |
| Signals        |     0.005 |    19252 |       --- |             --- |
| I/O            |     0.004 |       63 |       106 |           59.43 |
| Static Power   |     0.072 |          |           |                 |
| Total          |     0.090 |          |           |                 |
+----------------+-----------+----------+-----------+-----------------+


1.2 Power Supply Summary
------------------------

+-----------+-------------+-----------+-------------+------------+
| Source    | Voltage (V) | Total (A) | Dynamic (A) | Static (A) |
+-----------+-------------+-----------+-------------+------------+
| Vccint    |       1.000 |     0.024 |       0.015 |      0.010 |
| Vccaux    |       1.800 |     0.013 |       0.000 |      0.013 |
| Vcco33    |       3.300 |     0.002 |       0.001 |      0.001 |
| Vcco25    |       2.500 |     0.000 |       0.000 |      0.000 |
| Vcco18    |       1.800 |     0.000 |       0.000 |      0.000 |
| Vcco15    |       1.500 |     0.000 |       0.000 |      0.000 |
| Vcco135   |       1.350 |     0.000 |       0.000 |      0.000 |
| Vcco12    |       1.200 |     0.000 |       0.000 |      0.000 |
| Vccaux_io |       1.800 |     0.000 |       0.000 |      0.000 |
| Vccbram   |       1.000 |     0.000 |       0.000 |      0.000 |
| MGTAVcc   |       1.000 |     0.000 |       0.000 |      0.000 |
| MGTAVtt   |       1.200 |     0.000 |       0.000 |      0.000 |
| Vccadc    |       1.800 |     0.020 |       0.000 |      0.020 |
+-----------+-------------+-----------+-------------+------------+


1.3 Confidence Level
--------------------

+-----------------------------+------------+--------------------------------------------------------+--------------------------------------------------------------------------------------------------------------------+
| User Input Data             | Confidence | Details                                                | Action                                                                                                             |
+-----------------------------+------------+--------------------------------------------------------+--------------------------------------------------------------------------------------------------------------------+
| Design implementation state | High       | Design is routed                                       |                                                                                                                    |
| Clock nodes activity        | Low        | User specified less than 75% of clocks                 | Provide missing clock activity with a constraint file, simulation results or by editing the "By Clock Domain" view |
| I/O nodes activity          | Low        | More than 75% of inputs are missing user specification | Provide missing input activity with simulation results or by editing the "By Resource Type -> I/Os" view           |
| Internal nodes activity     | Medium     | User specified less than 25% of internal nodes         | Provide missing internal nodes activity with simulation results or by editing the "By Resource Type" views         |
| Device models               | High       | Device models are Production                           |                                                                                                                    |
|                             |            |                                                        |                                                                                                                    |
| Overall confidence level    | Low        |                                                        |                                                                                                                    |
+-----------------------------+------------+--------------------------------------------------------+--------------------------------------------------------------------------------------------------------------------+


2. Settings
-----------

2.1 Environment
---------------

+-----------------------+--------------------------+
| Ambient Temp (C)      | 25.0                     |
| ThetaJA (C/W)         | 5.0                      |
| Airflow (LFM)         | 250                      |
| Heat Sink             | medium (Medium Profile)  |
| ThetaSA (C/W)         | 4.6                      |
| Board Selection       | medium (10"x10")         |
| # of Board Layers     | 12to15 (12 to 15 Layers) |
| Board Temperature (C) | 25.0                     |
+-----------------------+--------------------------+


2.2 Clock Constraints
---------------------

+-------------+--------+-----------------+
| Clock       | Domain | Constraint (ns) |
+-------------+--------+-----------------+
| sys_clk_pin | clk    |            10.0 |
+-------------+--------+-----------------+


3. Detailed Reports
-------------------

3.1 By Hierarchy
----------------

+-------------------------------------------+-----------+
| Name                                      | Power (W) |
+-------------------------------------------+-----------+
| BomberGameTopLevel                        |     0.018 |
|   DebounceC                               |    <0.001 |
|     clock_1khz                            |    <0.001 |
|     counter                               |    <0.001 |
|   Oled_display                            |    <0.001 |
|   PlayerDeathControl                      |    <0.001 |
|   PlayerDeathControl2                     |    <0.001 |
|   PlayerDeathControl3                     |    <0.001 |
|   PlayerDeathControl4                     |    <0.001 |
|   ResetControl                            |    <0.001 |
|   SevenSegControl                         |    <0.001 |
|     onehz                                 |    <0.001 |
|   clock_6p25MHZ                           |    <0.001 |
|   pixelColourControl                      |     0.012 |
|     BombControl                           |    <0.001 |
|       FindFreeBomb                        |    <0.001 |
|       mod_inst1[0].Bombcounter            |     0.000 |
|       mod_inst1[1].Bombcounter            |     0.000 |
|       mod_inst1[2].Bombcounter            |     0.000 |
|       mod_inst1[3].Bombcounter            |     0.000 |
|       mod_inst1[4].Bombcounter            |     0.000 |
|       mod_inst2[0].ExplodeAnimation       |    <0.001 |
|       mod_inst2[1].ExplodeAnimation       |    <0.001 |
|       mod_inst2[2].ExplodeAnimation       |    <0.001 |
|       mod_inst2[3].ExplodeAnimation       |    <0.001 |
|       mod_inst2[4].ExplodeAnimation       |    <0.001 |
|       mod_inst[0].nolabel_line111         |     0.000 |
|         flickerBomb                       |     0.000 |
|         nolabel_line40                    |     0.000 |
|       mod_inst[1].nolabel_line111         |     0.000 |
|         flickerBomb                       |     0.000 |
|         nolabel_line40                    |     0.000 |
|       mod_inst[2].nolabel_line111         |     0.000 |
|         flickerBomb                       |     0.000 |
|         nolabel_line40                    |     0.000 |
|       mod_inst[3].nolabel_line111         |     0.000 |
|         flickerBomb                       |     0.000 |
|         nolabel_line40                    |     0.000 |
|       mod_inst[4].nolabel_line111         |     0.000 |
|         flickerBomb                       |     0.000 |
|         nolabel_line40                    |     0.000 |
|     ColourControl                         |    <0.001 |
|       Player1                             |     0.000 |
|         counter                           |     0.000 |
|       Player2                             |     0.000 |
|         counter                           |     0.000 |
|       Player3                             |     0.000 |
|         counter                           |     0.000 |
|       Player4                             |     0.000 |
|         counter                           |     0.000 |
|       player_blink                        |    <0.001 |
|       start                               |     0.000 |
|     ConcreteBlock                         |     0.000 |
|       Concrete                            |     0.000 |
|         outer_loop[12].mod_inst[10].Block |     0.000 |
|     Player1MovementControl                |    <0.001 |
|       TrackPlayer1Square                  |    <0.001 |
|       clk40hz                             |    <0.001 |
|     Player2MovementControl                |    <0.001 |
|       TrackPlayer1Square                  |    <0.001 |
|       clk40hz                             |    <0.001 |
|     Player3MovementControl                |    <0.001 |
|       TrackPlayer1Square                  |    <0.001 |
|       clk40hz                             |    <0.001 |
|     Player4MovementControl                |    <0.001 |
|       TrackPlayer1Square                  |    <0.001 |
|       clk40hz                             |    <0.001 |
|     clk40hz2                              |    <0.001 |
|     master_rx_module                      |    <0.001 |
|     master_rx_module2                     |    <0.001 |
|     master_rx_module3                     |    <0.001 |
|     master_tx_module1                     |    <0.001 |
|       uart_tx_inst                        |    <0.001 |
|     master_tx_module2                     |    <0.001 |
|       uart_tx_inst                        |    <0.001 |
|     master_tx_module3                     |    <0.001 |
|       uart_tx_inst                        |    <0.001 |
|     master_tx_module4                     |    <0.001 |
|       uart_tx_inst                        |    <0.001 |
|     nolabel_line553                       |    <0.001 |
|       nolabel_line41                      |     0.000 |
|       nolabel_line48                      |     0.000 |
|       nolabel_line55                      |     0.000 |
|       nolabel_line62                      |     0.000 |
|     nolabel_line557                       |    <0.001 |
|       nolabel_line41                      |     0.000 |
|       nolabel_line48                      |     0.000 |
|       nolabel_line55                      |     0.000 |
|       nolabel_line62                      |     0.000 |
|     slave_rx_module                       |    <0.001 |
|     slave_rx_module2                      |    <0.001 |
|     slave_rx_module3                      |    <0.001 |
|     slave_rx_module4                      |    <0.001 |
|     slave_tx_module                       |    <0.001 |
|       uart_tx_inst_slave                  |    <0.001 |
|     slave_tx_module2                      |    <0.001 |
|       uart_tx_inst_slave                  |    <0.001 |
|     slave_tx_module3                      |    <0.001 |
|       uart_tx_inst_slave                  |    <0.001 |
|   twohundredhz                            |    <0.001 |
+-------------------------------------------+-----------+


