
*** Running vivado
    with args -log BomberGameTopLevel.vds -m64 -product Vivado -mode batch -messageDb vivado.pb -notrace -source BomberGameTopLevel.tcl


****** Vivado v2018.2 (64-bit)
  **** SW Build 2258646 on Thu Jun 14 20:03:12 MDT 2018
  **** IP Build 2256618 on Thu Jun 14 22:10:49 MDT 2018
    ** Copyright 1986-2018 Xilinx, Inc. All Rights Reserved.

source BomberGameTopLevel.tcl -notrace
Command: synth_design -top BomberGameTopLevel -part xc7a35tcpg236-1
Starting synth_design
Attempting to get a license for feature 'Synthesis' and/or device 'xc7a35t'
INFO: [Common 17-349] Got license for feature 'Synthesis' and/or device 'xc7a35t'
INFO: Launching helper process for spawning children vivado processes
INFO: Helper process launched with PID 7408 
---------------------------------------------------------------------------------
Starting RTL Elaboration : Time (s): cpu = 00:00:01 ; elapsed = 00:00:03 . Memory (MB): peak = 357.176 ; gain = 100.426
---------------------------------------------------------------------------------
INFO: [Synth 8-6157] synthesizing module 'BomberGameTopLevel' [C:/NUS/EE2026/EE2026/BomberMan.xpr/BomberMan/BomberMan.srcs/sources_1/new/BomberGameTopLevel.v:23]
INFO: [Synth 8-6157] synthesizing module 'var_clock' [C:/NUS/EE2026/EE2026/BomberMan.xpr/BomberMan/BomberMan.srcs/sources_1/new/var_clock.v:23]
INFO: [Synth 8-6155] done synthesizing module 'var_clock' (1#1) [C:/NUS/EE2026/EE2026/BomberMan.xpr/BomberMan/BomberMan.srcs/sources_1/new/var_clock.v:23]
INFO: [Synth 8-6157] synthesizing module 'ButtonDebouncing' [C:/NUS/EE2026/EE2026/BomberMan.xpr/BomberMan/BomberMan.srcs/sources_1/new/ButtonDebouncing.v:23]
INFO: [Synth 8-6157] synthesizing module 'Counter_100MHZ' [C:/NUS/EE2026/EE2026/BomberMan.xpr/BomberMan/BomberMan.srcs/sources_1/new/Counter_100MHZ.v:23]
INFO: [Synth 8-6155] done synthesizing module 'Counter_100MHZ' (2#1) [C:/NUS/EE2026/EE2026/BomberMan.xpr/BomberMan/BomberMan.srcs/sources_1/new/Counter_100MHZ.v:23]
INFO: [Synth 8-6155] done synthesizing module 'ButtonDebouncing' (3#1) [C:/NUS/EE2026/EE2026/BomberMan.xpr/BomberMan/BomberMan.srcs/sources_1/new/ButtonDebouncing.v:23]
INFO: [Synth 8-6157] synthesizing module 'PixelControl' [C:/NUS/EE2026/EE2026/BomberMan.xpr/BomberMan/BomberMan.srcs/sources_1/new/PixelControl.v:23]
INFO: [Synth 8-6157] synthesizing module 'ConcreteBlocks' [C:/NUS/EE2026/EE2026/BomberMan.xpr/BomberMan/BomberMan.srcs/sources_1/new/ConcreteBlocks.v:23]
INFO: [Synth 8-6157] synthesizing module 'Walls' [C:/NUS/EE2026/EE2026/BomberMan.xpr/BomberMan/BomberMan.srcs/sources_1/new/Walls.v:23]
INFO: [Synth 8-6157] synthesizing module 'isColourPixel' [C:/NUS/EE2026/EE2026/BomberMan.xpr/BomberMan/BomberMan.srcs/sources_1/new/isColourPixel.v:25]
INFO: [Synth 8-6155] done synthesizing module 'isColourPixel' (4#1) [C:/NUS/EE2026/EE2026/BomberMan.xpr/BomberMan/BomberMan.srcs/sources_1/new/isColourPixel.v:25]
INFO: [Synth 8-6155] done synthesizing module 'Walls' (5#1) [C:/NUS/EE2026/EE2026/BomberMan.xpr/BomberMan/BomberMan.srcs/sources_1/new/Walls.v:23]
INFO: [Synth 8-6157] synthesizing module 'CentreConcreteBlock' [C:/NUS/EE2026/EE2026/BomberMan.xpr/BomberMan/BomberMan.srcs/sources_1/new/CentreConcreteBlock.v:23]
	Parameter dimensions bound to: 9 - type: integer 
INFO: [Synth 8-6155] done synthesizing module 'CentreConcreteBlock' (6#1) [C:/NUS/EE2026/EE2026/BomberMan.xpr/BomberMan/BomberMan.srcs/sources_1/new/CentreConcreteBlock.v:23]
INFO: [Synth 8-6155] done synthesizing module 'ConcreteBlocks' (7#1) [C:/NUS/EE2026/EE2026/BomberMan.xpr/BomberMan/BomberMan.srcs/sources_1/new/ConcreteBlocks.v:23]
INFO: [Synth 8-6157] synthesizing module 'PlayerMovement' [C:/NUS/EE2026/EE2026/BomberMan.xpr/BomberMan/BomberMan.srcs/sources_1/new/PlayerMovement.v:23]
	Parameter InitialMinX bound to: 7'b0000100 
	Parameter InitialMaxX bound to: 7'b0001010 
	Parameter InitialMinY bound to: 7'b0000010 
	Parameter InitialMaxY bound to: 7'b0001000 
INFO: [Synth 8-6157] synthesizing module 'CollisionCheck' [C:/NUS/EE2026/EE2026/BomberMan.xpr/BomberMan/BomberMan.srcs/sources_1/new/CollisionCheck.v:23]
INFO: [Synth 8-6157] synthesizing module 'WithinXY' [C:/NUS/EE2026/EE2026/BomberMan.xpr/BomberMan/BomberMan.srcs/sources_1/new/WithinXY.v:23]
INFO: [Synth 8-6155] done synthesizing module 'WithinXY' (8#1) [C:/NUS/EE2026/EE2026/BomberMan.xpr/BomberMan/BomberMan.srcs/sources_1/new/WithinXY.v:23]
INFO: [Synth 8-6155] done synthesizing module 'CollisionCheck' (9#1) [C:/NUS/EE2026/EE2026/BomberMan.xpr/BomberMan/BomberMan.srcs/sources_1/new/CollisionCheck.v:23]
INFO: [Synth 8-6157] synthesizing module 'Player' [C:/NUS/EE2026/EE2026/BomberMan.xpr/BomberMan/BomberMan.srcs/sources_1/new/Player.v:23]
INFO: [Synth 8-6155] done synthesizing module 'Player' (10#1) [C:/NUS/EE2026/EE2026/BomberMan.xpr/BomberMan/BomberMan.srcs/sources_1/new/Player.v:23]
INFO: [Synth 8-6155] done synthesizing module 'PlayerMovement' (11#1) [C:/NUS/EE2026/EE2026/BomberMan.xpr/BomberMan/BomberMan.srcs/sources_1/new/PlayerMovement.v:23]
INFO: [Synth 8-6157] synthesizing module 'SquareTracker' [C:/NUS/EE2026/EE2026/BomberMan.xpr/BomberMan/BomberMan.srcs/sources_1/new/SquareTracker.v:23]
INFO: [Synth 8-6155] done synthesizing module 'SquareTracker' (12#1) [C:/NUS/EE2026/EE2026/BomberMan.xpr/BomberMan/BomberMan.srcs/sources_1/new/SquareTracker.v:23]
INFO: [Synth 8-6157] synthesizing module 'Bomb' [C:/NUS/EE2026/EE2026/BomberMan.xpr/BomberMan/BomberMan.srcs/sources_1/new/Bomb.v:23]
	Parameter dimension bound to: 9 - type: integer 
	Parameter Maxbombcount bound to: 7'b0000100 
INFO: [Synth 8-6157] synthesizing module 'BombCounter' [C:/NUS/EE2026/EE2026/BomberMan.xpr/BomberMan/BomberMan.srcs/sources_1/new/BombCounter.v:23]
INFO: [Synth 8-6155] done synthesizing module 'BombCounter' (13#1) [C:/NUS/EE2026/EE2026/BomberMan.xpr/BomberMan/BomberMan.srcs/sources_1/new/BombCounter.v:23]
INFO: [Synth 8-6157] synthesizing module 'ExplodeBomb' [C:/NUS/EE2026/EE2026/BomberMan.xpr/BomberMan/BomberMan.srcs/sources_1/new/ExplodeBomb.v:23]
INFO: [Synth 8-6157] synthesizing module 'BlockIsImmutable' [C:/NUS/EE2026/EE2026/BomberMan.xpr/BomberMan/BomberMan.srcs/sources_1/new/BlockIsImmutable.v:23]
INFO: [Synth 8-6155] done synthesizing module 'BlockIsImmutable' (14#1) [C:/NUS/EE2026/EE2026/BomberMan.xpr/BomberMan/BomberMan.srcs/sources_1/new/BlockIsImmutable.v:23]
INFO: [Synth 8-6157] synthesizing module 'BlockColourPixel' [C:/NUS/EE2026/EE2026/BomberMan.xpr/BomberMan/BomberMan.srcs/sources_1/new/BlockColourPixel.v:23]
	Parameter dimension bound to: 7'b0001001 
	Parameter MaxBlocks bound to: 7'b1000101 
INFO: [Synth 8-6155] done synthesizing module 'BlockColourPixel' (15#1) [C:/NUS/EE2026/EE2026/BomberMan.xpr/BomberMan/BomberMan.srcs/sources_1/new/BlockColourPixel.v:23]
INFO: [Synth 8-6155] done synthesizing module 'ExplodeBomb' (16#1) [C:/NUS/EE2026/EE2026/BomberMan.xpr/BomberMan/BomberMan.srcs/sources_1/new/ExplodeBomb.v:23]
INFO: [Synth 8-6157] synthesizing module 'TriggerExplosion' [C:/NUS/EE2026/EE2026/BomberMan.xpr/BomberMan/BomberMan.srcs/sources_1/new/TriggerExplosion.v:23]
	Parameter Maxbombcount bound to: 7'b0000100 
INFO: [Synth 8-6155] done synthesizing module 'TriggerExplosion' (17#1) [C:/NUS/EE2026/EE2026/BomberMan.xpr/BomberMan/BomberMan.srcs/sources_1/new/TriggerExplosion.v:23]
INFO: [Synth 8-6157] synthesizing module 'FreeBomb' [C:/NUS/EE2026/EE2026/BomberMan.xpr/BomberMan/BomberMan.srcs/sources_1/new/FreeBomb.v:23]
	Parameter Maxbombcount bound to: 7'b0000100 
INFO: [Synth 8-6155] done synthesizing module 'FreeBomb' (18#1) [C:/NUS/EE2026/EE2026/BomberMan.xpr/BomberMan/BomberMan.srcs/sources_1/new/FreeBomb.v:23]
INFO: [Synth 8-6155] done synthesizing module 'Bomb' (19#1) [C:/NUS/EE2026/EE2026/BomberMan.xpr/BomberMan/BomberMan.srcs/sources_1/new/Bomb.v:23]
INFO: [Synth 8-6157] synthesizing module 'PixelDataControl' [C:/NUS/EE2026/EE2026/BomberMan.xpr/BomberMan/BomberMan.srcs/sources_1/new/PixelDataControl.v:23]
INFO: [Synth 8-6157] synthesizing module 'AnimateDeath' [C:/NUS/EE2026/EE2026/BomberMan.xpr/BomberMan/BomberMan.srcs/sources_1/new/AnimateDeath.v:23]
INFO: [Synth 8-6155] done synthesizing module 'AnimateDeath' (20#1) [C:/NUS/EE2026/EE2026/BomberMan.xpr/BomberMan/BomberMan.srcs/sources_1/new/AnimateDeath.v:23]
INFO: [Synth 8-6155] done synthesizing module 'PixelDataControl' (21#1) [C:/NUS/EE2026/EE2026/BomberMan.xpr/BomberMan/BomberMan.srcs/sources_1/new/PixelDataControl.v:23]
INFO: [Synth 8-6155] done synthesizing module 'PixelControl' (22#1) [C:/NUS/EE2026/EE2026/BomberMan.xpr/BomberMan/BomberMan.srcs/sources_1/new/PixelControl.v:23]
INFO: [Synth 8-6157] synthesizing module 'Oled_Display' [C:/NUS/EE2026/EE2026/BomberMan.xpr/BomberMan/BomberMan.srcs/sources_1/new/Oled_Display.v:36]
	Parameter Width bound to: 96 - type: integer 
	Parameter Height bound to: 64 - type: integer 
	Parameter PixelCount bound to: 6144 - type: integer 
	Parameter PixelCountWidth bound to: 13 - type: integer 
	Parameter ClkFreq bound to: 6250000 - type: integer 
	Parameter FrameFreq bound to: 60 - type: integer 
	Parameter FrameDiv bound to: 104166 - type: integer 
	Parameter FrameDivWidth bound to: 17 - type: integer 
	Parameter PowerDelay bound to: 20 - type: integer 
	Parameter ResetDelay bound to: 3 - type: integer 
	Parameter VccEnDelay bound to: 20 - type: integer 
	Parameter StartupCompleteDelay bound to: 100 - type: integer 
	Parameter MaxDelay bound to: 100 - type: integer 
	Parameter MaxDelayCount bound to: 625000 - type: integer 
	Parameter StateCount bound to: 32 - type: integer 
	Parameter StateWidth bound to: 5 - type: integer 
	Parameter PowerUp bound to: 5'b00000 
	Parameter Reset bound to: 5'b00001 
	Parameter ReleaseReset bound to: 5'b00011 
	Parameter EnableDriver bound to: 5'b00010 
	Parameter DisplayOff bound to: 5'b00110 
	Parameter SetRemapDisplayFormat bound to: 5'b00111 
	Parameter SetStartLine bound to: 5'b00101 
	Parameter SetOffset bound to: 5'b00100 
	Parameter SetNormalDisplay bound to: 5'b01100 
	Parameter SetMultiplexRatio bound to: 5'b01101 
	Parameter SetMasterConfiguration bound to: 5'b01111 
	Parameter DisablePowerSave bound to: 5'b01110 
	Parameter SetPhaseAdjust bound to: 5'b01010 
	Parameter SetDisplayClock bound to: 5'b01011 
	Parameter SetSecondPrechargeA bound to: 5'b01001 
	Parameter SetSecondPrechargeB bound to: 5'b01000 
	Parameter SetSecondPrechargeC bound to: 5'b11000 
	Parameter SetPrechargeLevel bound to: 5'b11001 
	Parameter SetVCOMH bound to: 5'b11011 
	Parameter SetMasterCurrent bound to: 5'b11010 
	Parameter SetContrastA bound to: 5'b11110 
	Parameter SetContrastB bound to: 5'b11111 
	Parameter SetContrastC bound to: 5'b11101 
	Parameter DisableScrolling bound to: 5'b11100 
	Parameter ClearScreen bound to: 5'b10100 
	Parameter VccEn bound to: 5'b10101 
	Parameter DisplayOn bound to: 5'b10111 
	Parameter PrepareNextFrame bound to: 5'b10110 
	Parameter SetColAddress bound to: 5'b10010 
	Parameter SetRowAddress bound to: 5'b10011 
	Parameter WaitNextFrame bound to: 5'b10001 
	Parameter SendPixel bound to: 5'b10000 
	Parameter SpiCommandMaxWidth bound to: 40 - type: integer 
	Parameter SpiCommandBitCountWidth bound to: 6 - type: integer 
INFO: [Synth 8-226] default block is never used [C:/NUS/EE2026/EE2026/BomberMan.xpr/BomberMan/BomberMan.srcs/sources_1/new/Oled_Display.v:123]
INFO: [Synth 8-226] default block is never used [C:/NUS/EE2026/EE2026/BomberMan.xpr/BomberMan/BomberMan.srcs/sources_1/new/Oled_Display.v:198]
WARNING: [Synth 8-693] zero replication count - replication ignored [C:/NUS/EE2026/EE2026/BomberMan.xpr/BomberMan/BomberMan.srcs/sources_1/new/Oled_Display.v:346]
INFO: [Synth 8-6155] done synthesizing module 'Oled_Display' (23#1) [C:/NUS/EE2026/EE2026/BomberMan.xpr/BomberMan/BomberMan.srcs/sources_1/new/Oled_Display.v:36]
INFO: [Synth 8-6157] synthesizing module 'SevenSegDisplay' [C:/NUS/EE2026/EE2026/BomberMan.xpr/BomberMan/BomberMan.srcs/sources_1/new/SevenSegDisplay.v:23]
	Parameter game_mins bound to: 6'b001010 
	Parameter game_seconds bound to: 6'b000000 
INFO: [Synth 8-6155] done synthesizing module 'SevenSegDisplay' (24#1) [C:/NUS/EE2026/EE2026/BomberMan.xpr/BomberMan/BomberMan.srcs/sources_1/new/SevenSegDisplay.v:23]
INFO: [Synth 8-6157] synthesizing module 'GameReset' [C:/NUS/EE2026/EE2026/BomberMan.xpr/BomberMan/BomberMan.srcs/sources_1/new/GameReset.v:23]
INFO: [Synth 8-6155] done synthesizing module 'GameReset' (25#1) [C:/NUS/EE2026/EE2026/BomberMan.xpr/BomberMan/BomberMan.srcs/sources_1/new/GameReset.v:23]
INFO: [Synth 8-6157] synthesizing module 'PlayerDeath' [C:/NUS/EE2026/EE2026/BomberMan.xpr/BomberMan/BomberMan.srcs/sources_1/new/PlayerDeath.v:23]
INFO: [Synth 8-6155] done synthesizing module 'PlayerDeath' (26#1) [C:/NUS/EE2026/EE2026/BomberMan.xpr/BomberMan/BomberMan.srcs/sources_1/new/PlayerDeath.v:23]
INFO: [Synth 8-6155] done synthesizing module 'BomberGameTopLevel' (27#1) [C:/NUS/EE2026/EE2026/BomberMan.xpr/BomberMan/BomberMan.srcs/sources_1/new/BomberGameTopLevel.v:23]
WARNING: [Synth 8-3917] design BomberGameTopLevel has port led[15] driven by constant 0
WARNING: [Synth 8-3917] design BomberGameTopLevel has port led[14] driven by constant 0
WARNING: [Synth 8-3917] design BomberGameTopLevel has port led[13] driven by constant 0
WARNING: [Synth 8-3917] design BomberGameTopLevel has port led[12] driven by constant 0
WARNING: [Synth 8-3917] design BomberGameTopLevel has port led[11] driven by constant 0
WARNING: [Synth 8-3917] design BomberGameTopLevel has port led[10] driven by constant 0
WARNING: [Synth 8-3917] design BomberGameTopLevel has port led[9] driven by constant 0
WARNING: [Synth 8-3917] design BomberGameTopLevel has port led[8] driven by constant 0
WARNING: [Synth 8-3917] design BomberGameTopLevel has port led[7] driven by constant 0
WARNING: [Synth 8-3917] design BomberGameTopLevel has port led[6] driven by constant 0
WARNING: [Synth 8-3917] design BomberGameTopLevel has port led[5] driven by constant 0
WARNING: [Synth 8-3917] design BomberGameTopLevel has port led[4] driven by constant 0
WARNING: [Synth 8-3917] design BomberGameTopLevel has port led[3] driven by constant 0
WARNING: [Synth 8-3917] design BomberGameTopLevel has port led[2] driven by constant 0
WARNING: [Synth 8-3917] design BomberGameTopLevel has port led[1] driven by constant 0
WARNING: [Synth 8-3331] design Bomb has unconnected port Player1SW[12]
WARNING: [Synth 8-3331] design Bomb has unconnected port Player1SW[11]
WARNING: [Synth 8-3331] design Bomb has unconnected port Player1SW[10]
WARNING: [Synth 8-3331] design Bomb has unconnected port Player1SW[9]
WARNING: [Synth 8-3331] design Bomb has unconnected port Player1SW[8]
WARNING: [Synth 8-3331] design Bomb has unconnected port Player1SW[7]
WARNING: [Synth 8-3331] design Bomb has unconnected port Player1SW[6]
WARNING: [Synth 8-3331] design Bomb has unconnected port Player1SW[5]
WARNING: [Synth 8-3331] design Bomb has unconnected port Player1SW[4]
WARNING: [Synth 8-3331] design Bomb has unconnected port Player1SW[3]
WARNING: [Synth 8-3331] design Bomb has unconnected port Player1SW[2]
WARNING: [Synth 8-3331] design Bomb has unconnected port Player1SW[1]
WARNING: [Synth 8-3331] design Bomb has unconnected port Player1SW[0]
WARNING: [Synth 8-3331] design PlayerMovement has unconnected port btnC
WARNING: [Synth 8-3331] design BomberGameTopLevel has unconnected port JC[2]
---------------------------------------------------------------------------------
Finished RTL Elaboration : Time (s): cpu = 00:00:01 ; elapsed = 00:00:05 . Memory (MB): peak = 426.484 ; gain = 169.734
---------------------------------------------------------------------------------

Report Check Netlist: 
+------+------------------+-------+---------+-------+------------------+
|      |Item              |Errors |Warnings |Status |Description       |
+------+------------------+-------+---------+-------+------------------+
|1     |multi_driven_nets |      0|        0|Passed |Multi driven nets |
+------+------------------+-------+---------+-------+------------------+
---------------------------------------------------------------------------------
Start Handling Custom Attributes
---------------------------------------------------------------------------------
---------------------------------------------------------------------------------
Finished Handling Custom Attributes : Time (s): cpu = 00:00:01 ; elapsed = 00:00:05 . Memory (MB): peak = 426.484 ; gain = 169.734
---------------------------------------------------------------------------------
---------------------------------------------------------------------------------
Finished RTL Optimization Phase 1 : Time (s): cpu = 00:00:01 ; elapsed = 00:00:05 . Memory (MB): peak = 426.484 ; gain = 169.734
---------------------------------------------------------------------------------
INFO: [Device 21-403] Loading part xc7a35tcpg236-1
INFO: [Project 1-570] Preparing netlist for logic optimization

Processing XDC Constraints
Initializing timing engine
Parsing XDC File [C:/NUS/EE2026/EE2026/BomberMan.xpr/BomberMan/BomberMan.srcs/constrs_1/new/my_constraints.xdc]
Finished Parsing XDC File [C:/NUS/EE2026/EE2026/BomberMan.xpr/BomberMan/BomberMan.srcs/constrs_1/new/my_constraints.xdc]
INFO: [Project 1-236] Implementation specific constraints were found while reading constraint file [C:/NUS/EE2026/EE2026/BomberMan.xpr/BomberMan/BomberMan.srcs/constrs_1/new/my_constraints.xdc]. These constraints will be ignored for synthesis but will be used in implementation. Impacted constraints are listed in the file [.Xil/BomberGameTopLevel_propImpl.xdc].
Resolution: To avoid this warning, move constraints listed in [.Xil/BomberGameTopLevel_propImpl.xdc] to another XDC file and exclude this new file from synthesis with the used_in_synthesis property (File Properties dialog in GUI) and re-run elaboration/synthesis.
Completed Processing XDC Constraints

INFO: [Project 1-111] Unisim Transformation Summary:
No Unisim elements were transformed.

Constraint Validation Runtime : Time (s): cpu = 00:00:00 ; elapsed = 00:00:00.006 . Memory (MB): peak = 783.059 ; gain = 0.000
---------------------------------------------------------------------------------
Finished Constraint Validation : Time (s): cpu = 00:00:02 ; elapsed = 00:00:17 . Memory (MB): peak = 783.059 ; gain = 526.309
---------------------------------------------------------------------------------
---------------------------------------------------------------------------------
Start Loading Part and Timing Information
---------------------------------------------------------------------------------
Loading part: xc7a35tcpg236-1
---------------------------------------------------------------------------------
Finished Loading Part and Timing Information : Time (s): cpu = 00:00:02 ; elapsed = 00:00:17 . Memory (MB): peak = 783.059 ; gain = 526.309
---------------------------------------------------------------------------------
---------------------------------------------------------------------------------
Start Applying 'set_property' XDC Constraints
---------------------------------------------------------------------------------
---------------------------------------------------------------------------------
Finished applying 'set_property' XDC Constraints : Time (s): cpu = 00:00:02 ; elapsed = 00:00:17 . Memory (MB): peak = 783.059 ; gain = 526.309
---------------------------------------------------------------------------------
INFO: [Synth 8-5545] ROM "SLOW_CLOCK" won't be mapped to RAM because address size (32) is larger than maximum supported(25)
INFO: [Synth 8-5818] HDL ADVISOR - The operator resource <adder> is shared. To prevent sharing consider applying a KEEP on the output of the operator [C:/NUS/EE2026/EE2026/BomberMan.xpr/BomberMan/BomberMan.srcs/sources_1/new/PlayerMovement.v:62]
INFO: [Synth 8-5818] HDL ADVISOR - The operator resource <adder> is shared. To prevent sharing consider applying a KEEP on the output of the operator [C:/NUS/EE2026/EE2026/BomberMan.xpr/BomberMan/BomberMan.srcs/sources_1/new/PlayerMovement.v:62]
INFO: [Synth 8-5818] HDL ADVISOR - The operator resource <adder> is shared. To prevent sharing consider applying a KEEP on the output of the operator [C:/NUS/EE2026/EE2026/BomberMan.xpr/BomberMan/BomberMan.srcs/sources_1/new/PlayerMovement.v:61]
INFO: [Synth 8-5818] HDL ADVISOR - The operator resource <adder> is shared. To prevent sharing consider applying a KEEP on the output of the operator [C:/NUS/EE2026/EE2026/BomberMan.xpr/BomberMan/BomberMan.srcs/sources_1/new/PlayerMovement.v:61]
INFO: [Synth 8-5544] ROM "button" won't be mapped to Block RAM because address size (1) smaller than threshold (5)
INFO: [Synth 8-5546] ROM "xBlock" won't be mapped to RAM because it is too sparse
INFO: [Synth 8-5546] ROM "yBlock" won't be mapped to RAM because it is too sparse
INFO: [Synth 8-5546] ROM "FirstBlock" won't be mapped to RAM because it is too sparse
INFO: [Synth 8-5546] ROM "SecondBlock" won't be mapped to RAM because it is too sparse
INFO: [Synth 8-5546] ROM "SecondBlock" won't be mapped to RAM because it is too sparse
INFO: [Synth 8-5545] ROM "explode" won't be mapped to RAM because address size (32) is larger than maximum supported(25)
INFO: [Synth 8-5545] ROM "explode" won't be mapped to RAM because address size (32) is larger than maximum supported(25)
INFO: [Synth 8-5545] ROM "counter" won't be mapped to RAM because address size (32) is larger than maximum supported(25)
INFO: [Synth 8-5546] ROM "BombsBlock_reg[0]" won't be mapped to RAM because it is too sparse
INFO: [Synth 8-5546] ROM "BombsBlock_reg[1]" won't be mapped to RAM because it is too sparse
INFO: [Synth 8-5546] ROM "BombsBlock_reg[2]" won't be mapped to RAM because it is too sparse
INFO: [Synth 8-5546] ROM "BombsBlock_reg[3]" won't be mapped to RAM because it is too sparse
INFO: [Synth 8-5546] ROM "Bombs_reg[0]" won't be mapped to RAM because it is too sparse
INFO: [Synth 8-5546] ROM "Bombs_reg[0]" won't be mapped to RAM because it is too sparse
INFO: [Synth 8-5546] ROM "Bombs_reg[1]" won't be mapped to RAM because it is too sparse
INFO: [Synth 8-5546] ROM "Bombs_reg[1]" won't be mapped to RAM because it is too sparse
INFO: [Synth 8-5546] ROM "Bombs_reg[2]" won't be mapped to RAM because it is too sparse
INFO: [Synth 8-5546] ROM "Bombs_reg[2]" won't be mapped to RAM because it is too sparse
INFO: [Synth 8-5546] ROM "Bombs_reg[3]" won't be mapped to RAM because it is too sparse
INFO: [Synth 8-5546] ROM "Bombs_reg[3]" won't be mapped to RAM because it is too sparse
INFO: [Synth 8-802] inferred FSM for state register 'state_reg' in module 'Oled_Display'
INFO: [Synth 8-5546] ROM "fsm_next_state0" won't be mapped to RAM because it is too sparse
INFO: [Synth 8-5544] ROM "fsm_next_state0" won't be mapped to Block RAM because address size (1) smaller than threshold (5)
INFO: [Synth 8-5546] ROM "fsm_next_state0" won't be mapped to RAM because it is too sparse
INFO: [Synth 8-5545] ROM "count0" won't be mapped to RAM because address size (32) is larger than maximum supported(25)
INFO: [Synth 8-5545] ROM "start_game" won't be mapped to RAM because address size (32) is larger than maximum supported(25)
---------------------------------------------------------------------------------------------------
                   State |                     New Encoding |                Previous Encoding 
---------------------------------------------------------------------------------------------------
                 PowerUp | 00000000100000000000000000000000 |                            00000
                   Reset | 00000000000100000000000000000000 |                            00001
            ReleaseReset | 00000000000000000000100000000000 |                            00011
            EnableDriver | 00000000000000000001000000000000 |                            00010
              DisplayOff | 00000000000000000100000000000000 |                            00110
   SetRemapDisplayFormat | 00000100000000000000000000000000 |                            00111
            SetStartLine | 00001000000000000000000000000000 |                            00101
               SetOffset | 10000000000000000000000000000000 |                            00100
        SetNormalDisplay | 00000000000000000000000010000000 |                            01100
       SetMultiplexRatio | 00000000000000000000000000100000 |                            01101
  SetMasterConfiguration | 00000000000000000000000001000000 |                            01111
        DisablePowerSave | 00000000000000000000000000000100 |                            01110
          SetPhaseAdjust | 00000000000000000000000000001000 |                            01010
         SetDisplayClock | 00000000001000000000000000000000 |                            01011
     SetSecondPrechargeA | 00000000010000000000000000000000 |                            01001
     SetSecondPrechargeB | 01000000000000000000000000000000 |                            01000
     SetSecondPrechargeC | 00000010000000000000000000000000 |                            11000
       SetPrechargeLevel | 00000001000000000000000000000000 |                            11001
                SetVCOMH | 00000000000000010000000000000000 |                            11011
        SetMasterCurrent | 00000000000000100000000000000000 |                            11010
            SetContrastA | 00000000000001000000000000000000 |                            11110
            SetContrastB | 00100000000000000000000000000000 |                            11111
            SetContrastC | 00000000000000000000000000000001 |                            11101
        DisableScrolling | 00000000000000000000000000000010 |                            11100
             ClearScreen | 00000000000000000000000000010000 |                            10100
                   VccEn | 00010000000000000000000000000000 |                            10101
               DisplayOn | 00000000000010000000000000000000 |                            10111
        PrepareNextFrame | 00000000000000001000000000000000 |                            10110
           SetColAddress | 00000000000000000000010000000000 |                            10010
           SetRowAddress | 00000000000000000000000100000000 |                            10011
           WaitNextFrame | 00000000000000000000001000000000 |                            10001
               SendPixel | 00000000000000000010000000000000 |                            10000
---------------------------------------------------------------------------------------------------
INFO: [Synth 8-3354] encoded FSM with state register 'state_reg' using encoding 'one-hot' in module 'Oled_Display'
---------------------------------------------------------------------------------
Finished RTL Optimization Phase 2 : Time (s): cpu = 00:00:02 ; elapsed = 00:00:21 . Memory (MB): peak = 783.059 ; gain = 526.309
---------------------------------------------------------------------------------

Report RTL Partitions: 
+------+-------------------------+------------+----------+
|      |RTL Partition            |Replication |Instances |
+------+-------------------------+------------+----------+
|1     |CentreConcreteBlock__GB0 |           1|     17024|
|2     |CentreConcreteBlock__GB1 |           1|     17010|
|3     |Walls                    |           1|      1947|
|4     |ExplodeBomb              |           4|      8834|
|5     |Bomb__GC0                |           1|     14894|
|6     |PixelControl__GC0        |           1|     22643|
|7     |BomberGameTopLevel__GC0  |           1|      7963|
+------+-------------------------+------------+----------+
---------------------------------------------------------------------------------
Start RTL Component Statistics 
---------------------------------------------------------------------------------
Detailed RTL Component Info : 
+---Adders : 
	   2 Input     32 Bit       Adders := 4     
	   2 Input     17 Bit       Adders := 1     
	   3 Input      8 Bit       Adders := 2     
	   2 Input      8 Bit       Adders := 1     
	   2 Input      7 Bit       Adders := 76    
	   3 Input      7 Bit       Adders := 1     
	   2 Input      6 Bit       Adders := 45    
	   2 Input      4 Bit       Adders := 38    
	   2 Input      3 Bit       Adders := 38    
	   2 Input      2 Bit       Adders := 1     
+---Registers : 
	               70 Bit    Registers := 1     
	               40 Bit    Registers := 1     
	               32 Bit    Registers := 4     
	               26 Bit    Registers := 4     
	               17 Bit    Registers := 1     
	               16 Bit    Registers := 1     
	                8 Bit    Registers := 3     
	                7 Bit    Registers := 12    
	                6 Bit    Registers := 6     
	                4 Bit    Registers := 5     
	                3 Bit    Registers := 3     
	                2 Bit    Registers := 2     
	                1 Bit    Registers := 52    
+---Muxes : 
	   2 Input     70 Bit        Muxes := 34    
	   2 Input     40 Bit        Muxes := 3     
	   2 Input     32 Bit        Muxes := 6     
	  32 Input     32 Bit        Muxes := 1     
	   2 Input     26 Bit        Muxes := 4     
	  32 Input     20 Bit        Muxes := 1     
	   2 Input     17 Bit        Muxes := 1     
	   7 Input     16 Bit        Muxes := 1     
	   2 Input      8 Bit        Muxes := 2     
	   2 Input      7 Bit        Muxes := 247   
	   3 Input      7 Bit        Muxes := 1     
	   2 Input      6 Bit        Muxes := 17    
	  32 Input      6 Bit        Muxes := 1     
	   2 Input      5 Bit        Muxes := 6     
	  32 Input      5 Bit        Muxes := 1     
	   4 Input      4 Bit        Muxes := 1     
	   5 Input      3 Bit        Muxes := 1     
	   2 Input      3 Bit        Muxes := 2     
	   4 Input      3 Bit        Muxes := 1     
	   2 Input      2 Bit        Muxes := 4     
	   2 Input      1 Bit        Muxes := 355   
---------------------------------------------------------------------------------
Finished RTL Component Statistics 
---------------------------------------------------------------------------------
---------------------------------------------------------------------------------
Start RTL Hierarchical Component Statistics 
---------------------------------------------------------------------------------
Hierarchical RTL Component report 
Module BlockColourPixel__1 
Detailed RTL Component Info : 
+---Adders : 
	   2 Input      7 Bit       Adders := 1     
	   2 Input      6 Bit       Adders := 1     
	   2 Input      4 Bit       Adders := 1     
	   2 Input      3 Bit       Adders := 1     
Module BlockColourPixel__2 
Detailed RTL Component Info : 
+---Adders : 
	   2 Input      7 Bit       Adders := 1     
	   2 Input      6 Bit       Adders := 1     
	   2 Input      4 Bit       Adders := 1     
	   2 Input      3 Bit       Adders := 1     
Module BlockColourPixel__3 
Detailed RTL Component Info : 
+---Adders : 
	   2 Input      7 Bit       Adders := 1     
	   2 Input      6 Bit       Adders := 1     
	   2 Input      4 Bit       Adders := 1     
	   2 Input      3 Bit       Adders := 1     
Module BlockColourPixel__4 
Detailed RTL Component Info : 
+---Adders : 
	   2 Input      7 Bit       Adders := 1     
	   2 Input      6 Bit       Adders := 1     
	   2 Input      4 Bit       Adders := 1     
	   2 Input      3 Bit       Adders := 1     
Module BlockColourPixel__5 
Detailed RTL Component Info : 
+---Adders : 
	   2 Input      7 Bit       Adders := 1     
	   2 Input      6 Bit       Adders := 1     
	   2 Input      4 Bit       Adders := 1     
	   2 Input      3 Bit       Adders := 1     
Module BlockColourPixel__6 
Detailed RTL Component Info : 
+---Adders : 
	   2 Input      7 Bit       Adders := 1     
	   2 Input      6 Bit       Adders := 1     
	   2 Input      4 Bit       Adders := 1     
	   2 Input      3 Bit       Adders := 1     
Module BlockColourPixel__7 
Detailed RTL Component Info : 
+---Adders : 
	   2 Input      7 Bit       Adders := 1     
	   2 Input      6 Bit       Adders := 1     
	   2 Input      4 Bit       Adders := 1     
	   2 Input      3 Bit       Adders := 1     
Module BlockColourPixel__8 
Detailed RTL Component Info : 
+---Adders : 
	   2 Input      7 Bit       Adders := 1     
	   2 Input      6 Bit       Adders := 1     
	   2 Input      4 Bit       Adders := 1     
	   2 Input      3 Bit       Adders := 1     
Module BlockColourPixel 
Detailed RTL Component Info : 
+---Adders : 
	   2 Input      7 Bit       Adders := 1     
	   2 Input      6 Bit       Adders := 1     
	   2 Input      4 Bit       Adders := 1     
	   2 Input      3 Bit       Adders := 1     
Module ExplodeBomb 
Detailed RTL Component Info : 
+---Adders : 
	   2 Input     32 Bit       Adders := 1     
	   2 Input      7 Bit       Adders := 8     
+---Registers : 
	               32 Bit    Registers := 1     
	                1 Bit    Registers := 2     
+---Muxes : 
	   2 Input     32 Bit        Muxes := 1     
	   2 Input      7 Bit        Muxes := 5     
	   2 Input      6 Bit        Muxes := 1     
	   2 Input      5 Bit        Muxes := 1     
	   2 Input      2 Bit        Muxes := 1     
	   2 Input      1 Bit        Muxes := 4     
Module FreeBomb 
Detailed RTL Component Info : 
+---Registers : 
	                8 Bit    Registers := 2     
	                2 Bit    Registers := 1     
	                1 Bit    Registers := 2     
+---Muxes : 
	   2 Input      8 Bit        Muxes := 2     
	   2 Input      7 Bit        Muxes := 5     
	   3 Input      7 Bit        Muxes := 1     
	   2 Input      1 Bit        Muxes := 9     
Module BombCounter__1 
Detailed RTL Component Info : 
+---Registers : 
	                1 Bit    Registers := 1     
+---Muxes : 
	   2 Input      1 Bit        Muxes := 3     
Module BombCounter__2 
Detailed RTL Component Info : 
+---Registers : 
	                1 Bit    Registers := 1     
+---Muxes : 
	   2 Input      1 Bit        Muxes := 3     
Module BombCounter__3 
Detailed RTL Component Info : 
+---Registers : 
	                1 Bit    Registers := 1     
+---Muxes : 
	   2 Input      1 Bit        Muxes := 3     
Module BombCounter 
Detailed RTL Component Info : 
+---Registers : 
	                1 Bit    Registers := 1     
+---Muxes : 
	   2 Input      1 Bit        Muxes := 3     
Module Bomb 
Detailed RTL Component Info : 
+---Adders : 
	   2 Input      7 Bit       Adders := 1     
	   2 Input      6 Bit       Adders := 1     
	   2 Input      4 Bit       Adders := 1     
	   2 Input      3 Bit       Adders := 1     
+---Registers : 
	               70 Bit    Registers := 1     
	               26 Bit    Registers := 4     
	                7 Bit    Registers := 4     
	                1 Bit    Registers := 1     
+---Muxes : 
	   2 Input     70 Bit        Muxes := 34    
	   2 Input     26 Bit        Muxes := 4     
	   2 Input      7 Bit        Muxes := 4     
	   2 Input      6 Bit        Muxes := 4     
	   2 Input      1 Bit        Muxes := 6     
Module var_clock__2 
Detailed RTL Component Info : 
+---Registers : 
	                1 Bit    Registers := 1     
+---Muxes : 
	   2 Input      1 Bit        Muxes := 1     
Module PlayerMovement 
Detailed RTL Component Info : 
+---Adders : 
	   2 Input      7 Bit       Adders := 6     
	   2 Input      6 Bit       Adders := 6     
+---Registers : 
	                7 Bit    Registers := 4     
	                6 Bit    Registers := 4     
	                3 Bit    Registers := 1     
	                1 Bit    Registers := 1     
+---Muxes : 
	   2 Input      7 Bit        Muxes := 8     
	   2 Input      6 Bit        Muxes := 8     
	   5 Input      3 Bit        Muxes := 1     
	   2 Input      3 Bit        Muxes := 2     
	   4 Input      3 Bit        Muxes := 1     
	   2 Input      1 Bit        Muxes := 12    
Module SquareTracker 
Detailed RTL Component Info : 
+---Adders : 
	   3 Input      8 Bit       Adders := 2     
	   2 Input      7 Bit       Adders := 1     
	   3 Input      7 Bit       Adders := 1     
	   2 Input      6 Bit       Adders := 1     
	   2 Input      4 Bit       Adders := 1     
	   2 Input      3 Bit       Adders := 1     
+---Registers : 
	                7 Bit    Registers := 3     
	                6 Bit    Registers := 1     
	                4 Bit    Registers := 1     
	                3 Bit    Registers := 1     
	                1 Bit    Registers := 1     
+---Muxes : 
	   2 Input      7 Bit        Muxes := 210   
	   2 Input      1 Bit        Muxes := 285   
Module var_clock__1 
Detailed RTL Component Info : 
+---Registers : 
	                1 Bit    Registers := 1     
+---Muxes : 
	   2 Input      1 Bit        Muxes := 1     
Module Counter_100MHZ__1 
Detailed RTL Component Info : 
+---Registers : 
	                1 Bit    Registers := 1     
Module AnimateDeath 
Detailed RTL Component Info : 
+---Registers : 
	                1 Bit    Registers := 1     
+---Muxes : 
	   2 Input      1 Bit        Muxes := 1     
Module PixelDataControl 
Detailed RTL Component Info : 
+---Registers : 
	               16 Bit    Registers := 1     
+---Muxes : 
	   7 Input     16 Bit        Muxes := 1     
Module var_clock__5 
Detailed RTL Component Info : 
+---Registers : 
	                1 Bit    Registers := 1     
+---Muxes : 
	   2 Input      1 Bit        Muxes := 1     
Module var_clock 
Detailed RTL Component Info : 
+---Registers : 
	                1 Bit    Registers := 1     
+---Muxes : 
	   2 Input      1 Bit        Muxes := 1     
Module Counter_100MHZ__2 
Detailed RTL Component Info : 
+---Registers : 
	                1 Bit    Registers := 1     
Module var_clock__6 
Detailed RTL Component Info : 
+---Registers : 
	                1 Bit    Registers := 1     
+---Muxes : 
	   2 Input      1 Bit        Muxes := 1     
Module ButtonDebouncing__1 
Detailed RTL Component Info : 
+---Registers : 
	                1 Bit    Registers := 3     
Module Counter_100MHZ__3 
Detailed RTL Component Info : 
+---Registers : 
	                1 Bit    Registers := 1     
Module var_clock__7 
Detailed RTL Component Info : 
+---Registers : 
	                1 Bit    Registers := 1     
+---Muxes : 
	   2 Input      1 Bit        Muxes := 1     
Module ButtonDebouncing__2 
Detailed RTL Component Info : 
+---Registers : 
	                1 Bit    Registers := 3     
Module Counter_100MHZ__4 
Detailed RTL Component Info : 
+---Registers : 
	                1 Bit    Registers := 1     
Module var_clock__8 
Detailed RTL Component Info : 
+---Registers : 
	                1 Bit    Registers := 1     
+---Muxes : 
	   2 Input      1 Bit        Muxes := 1     
Module ButtonDebouncing__3 
Detailed RTL Component Info : 
+---Registers : 
	                1 Bit    Registers := 3     
Module Counter_100MHZ__5 
Detailed RTL Component Info : 
+---Registers : 
	                1 Bit    Registers := 1     
Module var_clock__9 
Detailed RTL Component Info : 
+---Registers : 
	                1 Bit    Registers := 1     
+---Muxes : 
	   2 Input      1 Bit        Muxes := 1     
Module ButtonDebouncing__4 
Detailed RTL Component Info : 
+---Registers : 
	                1 Bit    Registers := 3     
Module Counter_100MHZ 
Detailed RTL Component Info : 
+---Registers : 
	                1 Bit    Registers := 1     
Module var_clock__4 
Detailed RTL Component Info : 
+---Registers : 
	                1 Bit    Registers := 1     
+---Muxes : 
	   2 Input      1 Bit        Muxes := 1     
Module ButtonDebouncing 
Detailed RTL Component Info : 
+---Registers : 
	                1 Bit    Registers := 3     
Module Oled_Display 
Detailed RTL Component Info : 
+---Adders : 
	   2 Input     17 Bit       Adders := 1     
	   2 Input      6 Bit       Adders := 1     
+---Registers : 
	               40 Bit    Registers := 1     
	               17 Bit    Registers := 1     
	                6 Bit    Registers := 1     
+---Muxes : 
	   2 Input     40 Bit        Muxes := 3     
	  32 Input     32 Bit        Muxes := 1     
	   2 Input     32 Bit        Muxes := 2     
	  32 Input     20 Bit        Muxes := 1     
	   2 Input     17 Bit        Muxes := 1     
	  32 Input      6 Bit        Muxes := 1     
	   2 Input      6 Bit        Muxes := 1     
	   2 Input      5 Bit        Muxes := 2     
	  32 Input      5 Bit        Muxes := 1     
	   2 Input      1 Bit        Muxes := 2     
Module var_clock__3 
Detailed RTL Component Info : 
+---Registers : 
	                1 Bit    Registers := 1     
+---Muxes : 
	   2 Input      1 Bit        Muxes := 1     
Module SevenSegDisplay 
Detailed RTL Component Info : 
+---Adders : 
	   2 Input      2 Bit       Adders := 1     
+---Registers : 
	                7 Bit    Registers := 1     
	                4 Bit    Registers := 4     
	                3 Bit    Registers := 1     
	                2 Bit    Registers := 1     
+---Muxes : 
	   4 Input      4 Bit        Muxes := 1     
Module GameReset 
Detailed RTL Component Info : 
+---Registers : 
	                1 Bit    Registers := 2     
+---Muxes : 
	   2 Input      1 Bit        Muxes := 2     
Module PlayerDeath 
Detailed RTL Component Info : 
+---Adders : 
	   2 Input      8 Bit       Adders := 1     
+---Registers : 
	                8 Bit    Registers := 1     
	                1 Bit    Registers := 1     
---------------------------------------------------------------------------------
Finished RTL Hierarchical Component Statistics
---------------------------------------------------------------------------------
---------------------------------------------------------------------------------
Start Part Resource Summary
---------------------------------------------------------------------------------
Part Resources:
DSPs: 90 (col length:60)
BRAMs: 100 (col length: RAMB18 60 RAMB36 30)
---------------------------------------------------------------------------------
Finished Part Resource Summary
---------------------------------------------------------------------------------
---------------------------------------------------------------------------------
Start Cross Boundary and Area Optimization
---------------------------------------------------------------------------------
Warning: Parallel synthesis criteria is not met 
INFO: [Synth 8-5546] ROM "Bombs_reg[2]" won't be mapped to RAM because it is too sparse
INFO: [Synth 8-5546] ROM "Bombs_reg[2]" won't be mapped to RAM because it is too sparse
INFO: [Synth 8-5546] ROM "Bombs_reg[1]" won't be mapped to RAM because it is too sparse
INFO: [Synth 8-5546] ROM "Bombs_reg[1]" won't be mapped to RAM because it is too sparse
INFO: [Synth 8-5546] ROM "Bombs_reg[3]" won't be mapped to RAM because it is too sparse
INFO: [Synth 8-5546] ROM "Bombs_reg[3]" won't be mapped to RAM because it is too sparse
INFO: [Synth 8-5546] ROM "Bombs_reg[0]" won't be mapped to RAM because it is too sparse
INFO: [Synth 8-5546] ROM "Bombs_reg[0]" won't be mapped to RAM because it is too sparse
INFO: [Synth 8-5546] ROM "BombsBlock_reg[0]" won't be mapped to RAM because it is too sparse
INFO: [Synth 8-5546] ROM "BombsBlock_reg[1]" won't be mapped to RAM because it is too sparse
INFO: [Synth 8-5546] ROM "BombsBlock_reg[2]" won't be mapped to RAM because it is too sparse
INFO: [Synth 8-5546] ROM "BombsBlock_reg[3]" won't be mapped to RAM because it is too sparse
INFO: [Synth 8-5546] ROM "SecondBlock" won't be mapped to RAM because it is too sparse
INFO: [Synth 8-5546] ROM "SecondBlock" won't be mapped to RAM because it is too sparse
INFO: [Synth 8-5546] ROM "xBlock" won't be mapped to RAM because it is too sparse
INFO: [Synth 8-5546] ROM "yBlock" won't be mapped to RAM because it is too sparse
INFO: [Synth 8-5546] ROM "FirstBlock" won't be mapped to RAM because it is too sparse
INFO: [Synth 8-5545] ROM "clock_6p25MHZ/SLOW_CLOCK" won't be mapped to RAM because address size (32) is larger than maximum supported(25)
INFO: [Synth 8-5545] ROM "twohundredhz/SLOW_CLOCK" won't be mapped to RAM because address size (32) is larger than maximum supported(25)
INFO: [Synth 8-5545] ROM "counter" won't be mapped to RAM because address size (32) is larger than maximum supported(25)
INFO: [Synth 8-5545] ROM "explode" won't be mapped to RAM because address size (32) is larger than maximum supported(25)
INFO: [Synth 8-5545] ROM "explode" won't be mapped to RAM because address size (32) is larger than maximum supported(25)
INFO: [Synth 8-5546] ROM "Bombs_reg[2]" won't be mapped to RAM because it is too sparse
INFO: [Synth 8-5546] ROM "Bombs_reg[2]" won't be mapped to RAM because it is too sparse
INFO: [Synth 8-5546] ROM "Bombs_reg[1]" won't be mapped to RAM because it is too sparse
INFO: [Synth 8-5546] ROM "Bombs_reg[1]" won't be mapped to RAM because it is too sparse
INFO: [Synth 8-5546] ROM "Bombs_reg[3]" won't be mapped to RAM because it is too sparse
INFO: [Synth 8-5546] ROM "Bombs_reg[3]" won't be mapped to RAM because it is too sparse
INFO: [Synth 8-5546] ROM "Bombs_reg[0]" won't be mapped to RAM because it is too sparse
INFO: [Synth 8-5546] ROM "Bombs_reg[0]" won't be mapped to RAM because it is too sparse
INFO: [Synth 8-5546] ROM "BombsBlock_reg[0]" won't be mapped to RAM because it is too sparse
INFO: [Synth 8-5546] ROM "BombsBlock_reg[1]" won't be mapped to RAM because it is too sparse
INFO: [Synth 8-5546] ROM "BombsBlock_reg[2]" won't be mapped to RAM because it is too sparse
INFO: [Synth 8-5546] ROM "BombsBlock_reg[3]" won't be mapped to RAM because it is too sparse
INFO: [Synth 8-5546] ROM "SecondBlock" won't be mapped to RAM because it is too sparse
INFO: [Synth 8-5546] ROM "SecondBlock" won't be mapped to RAM because it is too sparse
INFO: [Synth 8-5546] ROM "xBlock" won't be mapped to RAM because it is too sparse
INFO: [Synth 8-5546] ROM "yBlock" won't be mapped to RAM because it is too sparse
INFO: [Synth 8-5546] ROM "FirstBlock" won't be mapped to RAM because it is too sparse
INFO: [Synth 8-5545] ROM "PlayerMovementControl/clk40hz/SLOW_CLOCK" won't be mapped to RAM because address size (32) is larger than maximum supported(25)
INFO: [Synth 8-5545] ROM "ColourControl/player_blink/SLOW_CLOCK" won't be mapped to RAM because address size (32) is larger than maximum supported(25)
INFO: [Synth 8-5545] ROM "clock_1khz/SLOW_CLOCK" won't be mapped to RAM because address size (32) is larger than maximum supported(25)
INFO: [Synth 8-5545] ROM "clock_1khz/SLOW_CLOCK" won't be mapped to RAM because address size (32) is larger than maximum supported(25)
INFO: [Synth 8-5545] ROM "clock_1khz/SLOW_CLOCK" won't be mapped to RAM because address size (32) is larger than maximum supported(25)
INFO: [Synth 8-5545] ROM "clock_1khz/SLOW_CLOCK" won't be mapped to RAM because address size (32) is larger than maximum supported(25)
INFO: [Synth 8-5545] ROM "clock_1khz/SLOW_CLOCK" won't be mapped to RAM because address size (32) is larger than maximum supported(25)
INFO: [Synth 8-5546] ROM "fsm_next_state0" won't be mapped to RAM because it is too sparse
INFO: [Synth 8-5546] ROM "fsm_next_state0" won't be mapped to RAM because it is too sparse
INFO: [Synth 8-5545] ROM "onehz/SLOW_CLOCK" won't be mapped to RAM because address size (32) is larger than maximum supported(25)
INFO: [Synth 8-5545] ROM "ResetControl/count0" won't be mapped to RAM because address size (32) is larger than maximum supported(25)
INFO: [Synth 8-5545] ROM "ResetControl/start_game" won't be mapped to RAM because address size (32) is larger than maximum supported(25)
INFO: [Synth 8-5545] ROM "clock_6p25MHZ/SLOW_CLOCK" won't be mapped to RAM because address size (32) is larger than maximum supported(25)
INFO: [Synth 8-5545] ROM "twohundredhz/SLOW_CLOCK" won't be mapped to RAM because address size (32) is larger than maximum supported(25)
WARNING: [Synth 8-3917] design BomberGameTopLevel has port led[15] driven by constant 0
WARNING: [Synth 8-3917] design BomberGameTopLevel has port led[14] driven by constant 0
WARNING: [Synth 8-3917] design BomberGameTopLevel has port led[13] driven by constant 0
WARNING: [Synth 8-3917] design BomberGameTopLevel has port led[12] driven by constant 0
WARNING: [Synth 8-3917] design BomberGameTopLevel has port led[11] driven by constant 0
WARNING: [Synth 8-3917] design BomberGameTopLevel has port led[10] driven by constant 0
WARNING: [Synth 8-3917] design BomberGameTopLevel has port led[9] driven by constant 0
WARNING: [Synth 8-3917] design BomberGameTopLevel has port led[8] driven by constant 0
WARNING: [Synth 8-3917] design BomberGameTopLevel has port led[7] driven by constant 0
WARNING: [Synth 8-3917] design BomberGameTopLevel has port led[6] driven by constant 0
WARNING: [Synth 8-3917] design BomberGameTopLevel has port led[5] driven by constant 0
WARNING: [Synth 8-3917] design BomberGameTopLevel has port led[4] driven by constant 0
WARNING: [Synth 8-3917] design BomberGameTopLevel has port led[3] driven by constant 0
WARNING: [Synth 8-3917] design BomberGameTopLevel has port led[2] driven by constant 0
WARNING: [Synth 8-3917] design BomberGameTopLevel has port led[1] driven by constant 0
WARNING: [Synth 8-3331] design BomberGameTopLevel has unconnected port JC[2]
WARNING: [Synth 8-3331] design BomberGameTopLevel has unconnected port SW[12]
WARNING: [Synth 8-3331] design BomberGameTopLevel has unconnected port SW[11]
WARNING: [Synth 8-3331] design BomberGameTopLevel has unconnected port SW[10]
WARNING: [Synth 8-3331] design BomberGameTopLevel has unconnected port SW[9]
WARNING: [Synth 8-3331] design BomberGameTopLevel has unconnected port SW[8]
WARNING: [Synth 8-3331] design BomberGameTopLevel has unconnected port SW[7]
WARNING: [Synth 8-3331] design BomberGameTopLevel has unconnected port SW[6]
WARNING: [Synth 8-3331] design BomberGameTopLevel has unconnected port SW[5]
WARNING: [Synth 8-3331] design BomberGameTopLevel has unconnected port SW[4]
WARNING: [Synth 8-3331] design BomberGameTopLevel has unconnected port SW[3]
WARNING: [Synth 8-3331] design BomberGameTopLevel has unconnected port SW[2]
WARNING: [Synth 8-3331] design BomberGameTopLevel has unconnected port SW[0]
INFO: [Synth 8-3886] merging instance 'BombControli_3/Bombs_reg[0][19]' (FDE) to 'BombControli_3/Bombs_reg[0][12]'
INFO: [Synth 8-3886] merging instance 'BombControli_3/Bombs_reg[0][6]' (FDE) to 'BombControli_3/Bombs_reg[0][0]'
INFO: [Synth 8-3886] merging instance 'BombControli_3/Bombs_reg[0][0]' (FDE) to 'BombControli_3/Bombs_reg[0][3]'
INFO: [Synth 8-3886] merging instance 'BombControli_3/Bombs_reg[0][1]' (FDE) to 'BombControli_3/Bombs_reg[0][4]'
INFO: [Synth 8-3886] merging instance 'BombControli_3/Bombs_reg[3][19]' (FDE) to 'BombControli_3/Bombs_reg[3][12]'
INFO: [Synth 8-3886] merging instance 'BombControli_3/Bombs_reg[3][6]' (FDE) to 'BombControli_3/Bombs_reg[3][0]'
INFO: [Synth 8-3886] merging instance 'BombControli_3/Bombs_reg[3][0]' (FDE) to 'BombControli_3/Bombs_reg[3][3]'
INFO: [Synth 8-3886] merging instance 'BombControli_3/Bombs_reg[3][1]' (FDE) to 'BombControli_3/Bombs_reg[3][4]'
INFO: [Synth 8-3886] merging instance 'BombControli_3/Bombs_reg[2][19]' (FDE) to 'BombControli_3/Bombs_reg[2][12]'
INFO: [Synth 8-3886] merging instance 'BombControli_3/Bombs_reg[2][6]' (FDE) to 'BombControli_3/Bombs_reg[2][0]'
INFO: [Synth 8-3886] merging instance 'BombControli_3/Bombs_reg[2][0]' (FDE) to 'BombControli_3/Bombs_reg[2][3]'
INFO: [Synth 8-3886] merging instance 'BombControli_3/Bombs_reg[2][1]' (FDE) to 'BombControli_3/Bombs_reg[2][4]'
INFO: [Synth 8-3886] merging instance 'BombControli_3/Bombs_reg[1][19]' (FDE) to 'BombControli_3/Bombs_reg[1][12]'
INFO: [Synth 8-3886] merging instance 'BombControli_3/Bombs_reg[1][6]' (FDE) to 'BombControli_3/Bombs_reg[1][0]'
INFO: [Synth 8-3886] merging instance 'BombControli_3/Bombs_reg[1][0]' (FDE) to 'BombControli_3/Bombs_reg[1][3]'
INFO: [Synth 8-3886] merging instance 'BombControli_3/Bombs_reg[1][1]' (FDE) to 'BombControli_3/Bombs_reg[1][4]'
INFO: [Synth 8-3886] merging instance 'BombControli_3/FindFreeBomb/triggered_player_reg[0]' (FDRE) to 'BombControli_3/FindFreeBomb/triggered_player_reg[1]'
INFO: [Synth 8-3333] propagating constant 0 across sequential element (BombControli_3/FindFreeBomb/\triggered_player_reg[1] )
INFO: [Synth 8-3886] merging instance 'BombControli_3/Bombs_reg[0][2]' (FDE) to 'BombControli_3/Bombs_reg[0][5]'
INFO: [Synth 8-3886] merging instance 'BombControli_3/Bombs_reg[3][2]' (FDE) to 'BombControli_3/Bombs_reg[3][5]'
INFO: [Synth 8-3886] merging instance 'BombControli_3/Bombs_reg[2][2]' (FDE) to 'BombControli_3/Bombs_reg[2][5]'
INFO: [Synth 8-3886] merging instance 'BombControli_3/Bombs_reg[1][2]' (FDE) to 'BombControli_3/Bombs_reg[1][5]'
INFO: [Synth 8-3886] merging instance 'BombControli_3/FindFreeBomb/FreeBomb_reg[6]' (FDRE) to 'BombControli_3/FindFreeBomb/FreeBomb_reg[5]'
INFO: [Synth 8-3886] merging instance 'BombControli_3/FindFreeBomb/FreeBomb_reg[4]' (FDRE) to 'BombControli_3/FindFreeBomb/FreeBomb_reg[3]'
INFO: [Synth 8-3886] merging instance 'BombControli_3/FindFreeBomb/FreeBomb_reg[3]' (FDRE) to 'BombControli_3/FindFreeBomb/FreeBomb_reg[2]'
INFO: [Synth 8-3333] propagating constant 0 across sequential element (BombControli_3/FindFreeBomb/\FreeBomb_reg[2] )
INFO: [Synth 8-3333] propagating constant 0 across sequential element (BombControli_3/FindFreeBomb/\FreeBomb_reg[7] )
INFO: [Synth 8-3333] propagating constant 0 across sequential element (BombControli_3/FindFreeBomb/\WhichPlayerBomb_reg[0] )
INFO: [Synth 8-3333] propagating constant 0 across sequential element (BombControli_3/FindFreeBomb/\WhichPlayerBomb_reg[1] )
INFO: [Synth 8-3333] propagating constant 0 across sequential element (BombControli_3/FindFreeBomb/\WhichPlayerBomb_reg[2] )
INFO: [Synth 8-3333] propagating constant 0 across sequential element (BombControli_3/FindFreeBomb/\WhichPlayerBomb_reg[3] )
INFO: [Synth 8-3333] propagating constant 0 across sequential element (BombControli_3/FindFreeBomb/\WhichPlayerBomb_reg[4] )
INFO: [Synth 8-3333] propagating constant 0 across sequential element (BombControli_3/FindFreeBomb/\WhichPlayerBomb_reg[5] )
INFO: [Synth 8-3333] propagating constant 0 across sequential element (BombControli_3/FindFreeBomb/\WhichPlayerBomb_reg[6] )
INFO: [Synth 8-3333] propagating constant 0 across sequential element (BombControli_3/FindFreeBomb/\WhichPlayerBomb_reg[7] )
WARNING: [Synth 8-3332] Sequential element (FreeBomb_reg[7]) is unused and will be removed from module FreeBomb.
WARNING: [Synth 8-3332] Sequential element (FreeBomb_reg[2]) is unused and will be removed from module FreeBomb.
WARNING: [Synth 8-3332] Sequential element (triggered_player_reg[1]) is unused and will be removed from module FreeBomb.
WARNING: [Synth 8-3332] Sequential element (WhichPlayerBomb_reg[7]) is unused and will be removed from module FreeBomb.
WARNING: [Synth 8-3332] Sequential element (WhichPlayerBomb_reg[6]) is unused and will be removed from module FreeBomb.
WARNING: [Synth 8-3332] Sequential element (WhichPlayerBomb_reg[5]) is unused and will be removed from module FreeBomb.
WARNING: [Synth 8-3332] Sequential element (WhichPlayerBomb_reg[4]) is unused and will be removed from module FreeBomb.
WARNING: [Synth 8-3332] Sequential element (WhichPlayerBomb_reg[3]) is unused and will be removed from module FreeBomb.
WARNING: [Synth 8-3332] Sequential element (WhichPlayerBomb_reg[2]) is unused and will be removed from module FreeBomb.
WARNING: [Synth 8-3332] Sequential element (WhichPlayerBomb_reg[1]) is unused and will be removed from module FreeBomb.
WARNING: [Synth 8-3332] Sequential element (WhichPlayerBomb_reg[0]) is unused and will be removed from module FreeBomb.
INFO: [Synth 8-3886] merging instance 'pixelColourControli_4/ColourControl/pixel_data_reg[0]' (FD) to 'pixelColourControli_4/ColourControl/pixel_data_reg[2]'
INFO: [Synth 8-3886] merging instance 'pixelColourControli_4/ColourControl/pixel_data_reg[2]' (FD) to 'pixelColourControli_4/ColourControl/pixel_data_reg[4]'
INFO: [Synth 8-3886] merging instance 'pixelColourControli_4/ColourControl/pixel_data_reg[5]' (FD) to 'pixelColourControli_4/ColourControl/pixel_data_reg[10]'
INFO: [Synth 8-3886] merging instance 'pixelColourControli_4/ColourControl/pixel_data_reg[11]' (FD) to 'pixelColourControli_4/ColourControl/pixel_data_reg[14]'
INFO: [Synth 8-3886] merging instance 'pixelColourControli_4/ColourControl/pixel_data_reg[13]' (FD) to 'pixelColourControli_4/ColourControl/pixel_data_reg[15]'
INFO: [Synth 8-3886] merging instance 'BombControli_3/Bombs_reg[0][7]' (FDE) to 'BombControli_3/Bombs_reg[0][4]'
INFO: [Synth 8-3886] merging instance 'BombControli_3/Bombs_reg[3][7]' (FDE) to 'BombControli_3/Bombs_reg[3][4]'
INFO: [Synth 8-3886] merging instance 'BombControli_3/Bombs_reg[2][7]' (FDE) to 'BombControli_3/Bombs_reg[2][4]'
INFO: [Synth 8-3886] merging instance 'BombControli_3/Bombs_reg[1][7]' (FDE) to 'BombControli_3/Bombs_reg[1][4]'
---------------------------------------------------------------------------------
Finished Cross Boundary and Area Optimization : Time (s): cpu = 00:00:10 ; elapsed = 00:02:30 . Memory (MB): peak = 790.324 ; gain = 533.574
---------------------------------------------------------------------------------

Report RTL Partitions: 
+------+-------------------------+------------+----------+
|      |RTL Partition            |Replication |Instances |
+------+-------------------------+------------+----------+
|1     |CentreConcreteBlock__GB0 |           1|       297|
|2     |Walls                    |           1|       231|
|3     |ExplodeBomb              |           4|      6040|
|4     |Bomb__GC0                |           1|      8353|
|5     |PixelControl__GC0        |           1|      3109|
|6     |BomberGameTopLevel__GC0  |           1|      2326|
+------+-------------------------+------------+----------+
---------------------------------------------------------------------------------
Start Applying XDC Timing Constraints
---------------------------------------------------------------------------------
---------------------------------------------------------------------------------
Finished Applying XDC Timing Constraints : Time (s): cpu = 00:00:11 ; elapsed = 00:02:39 . Memory (MB): peak = 790.668 ; gain = 533.918
---------------------------------------------------------------------------------
---------------------------------------------------------------------------------
Start Timing Optimization
---------------------------------------------------------------------------------
---------------------------------------------------------------------------------
Finished Timing Optimization : Time (s): cpu = 00:00:11 ; elapsed = 00:02:39 . Memory (MB): peak = 815.020 ; gain = 558.270
---------------------------------------------------------------------------------

Report RTL Partitions: 
+------+-------------------------+------------+----------+
|      |RTL Partition            |Replication |Instances |
+------+-------------------------+------------+----------+
|1     |CentreConcreteBlock__GB0 |           1|       297|
|2     |Walls                    |           1|       231|
|3     |ExplodeBomb              |           4|      6040|
|4     |Bomb__GC0                |           1|      8353|
|5     |PixelControl__GC0        |           1|      3109|
|6     |BomberGameTopLevel__GC0  |           1|      2326|
+------+-------------------------+------------+----------+
---------------------------------------------------------------------------------
Start Technology Mapping
---------------------------------------------------------------------------------
INFO: [Synth 8-3886] merging instance 'pixelColourControl/BombControl/Bombs_reg[3][20]' (FDE) to 'pixelColourControl/BombControl/Bombs_reg[3][13]'
INFO: [Synth 8-3886] merging instance 'pixelColourControl/BombControl/Bombs_reg[1][20]' (FDE) to 'pixelColourControl/BombControl/Bombs_reg[1][13]'
INFO: [Synth 8-3886] merging instance 'pixelColourControl/BombControl/Bombs_reg[2][20]' (FDE) to 'pixelColourControl/BombControl/Bombs_reg[2][13]'
INFO: [Synth 8-3886] merging instance 'pixelColourControl/BombControl/Bombs_reg[0][20]' (FDE) to 'pixelColourControl/BombControl/Bombs_reg[0][13]'
---------------------------------------------------------------------------------
Finished Technology Mapping : Time (s): cpu = 00:00:11 ; elapsed = 00:02:43 . Memory (MB): peak = 939.715 ; gain = 682.965
---------------------------------------------------------------------------------

Report RTL Partitions: 
+-+--------------+------------+----------+
| |RTL Partition |Replication |Instances |
+-+--------------+------------+----------+
+-+--------------+------------+----------+
---------------------------------------------------------------------------------
Start IO Insertion
---------------------------------------------------------------------------------
---------------------------------------------------------------------------------
Start Flattening Before IO Insertion
---------------------------------------------------------------------------------
---------------------------------------------------------------------------------
Finished Flattening Before IO Insertion
---------------------------------------------------------------------------------
---------------------------------------------------------------------------------
Start Final Netlist Cleanup
---------------------------------------------------------------------------------
---------------------------------------------------------------------------------
Finished Final Netlist Cleanup
---------------------------------------------------------------------------------
---------------------------------------------------------------------------------
Finished IO Insertion : Time (s): cpu = 00:00:11 ; elapsed = 00:02:45 . Memory (MB): peak = 939.715 ; gain = 682.965
---------------------------------------------------------------------------------

Report Check Netlist: 
+------+------------------+-------+---------+-------+------------------+
|      |Item              |Errors |Warnings |Status |Description       |
+------+------------------+-------+---------+-------+------------------+
|1     |multi_driven_nets |      0|        0|Passed |Multi driven nets |
+------+------------------+-------+---------+-------+------------------+
---------------------------------------------------------------------------------
Start Renaming Generated Instances
---------------------------------------------------------------------------------
---------------------------------------------------------------------------------
Finished Renaming Generated Instances : Time (s): cpu = 00:00:11 ; elapsed = 00:02:45 . Memory (MB): peak = 939.715 ; gain = 682.965
---------------------------------------------------------------------------------

Report RTL Partitions: 
+-+--------------+------------+----------+
| |RTL Partition |Replication |Instances |
+-+--------------+------------+----------+
+-+--------------+------------+----------+
---------------------------------------------------------------------------------
Start Rebuilding User Hierarchy
---------------------------------------------------------------------------------
---------------------------------------------------------------------------------
Finished Rebuilding User Hierarchy : Time (s): cpu = 00:00:11 ; elapsed = 00:02:46 . Memory (MB): peak = 939.715 ; gain = 682.965
---------------------------------------------------------------------------------
---------------------------------------------------------------------------------
Start Renaming Generated Ports
---------------------------------------------------------------------------------
---------------------------------------------------------------------------------
Finished Renaming Generated Ports : Time (s): cpu = 00:00:11 ; elapsed = 00:02:46 . Memory (MB): peak = 939.715 ; gain = 682.965
---------------------------------------------------------------------------------
---------------------------------------------------------------------------------
Start Handling Custom Attributes
---------------------------------------------------------------------------------
---------------------------------------------------------------------------------
Finished Handling Custom Attributes : Time (s): cpu = 00:00:11 ; elapsed = 00:02:46 . Memory (MB): peak = 939.715 ; gain = 682.965
---------------------------------------------------------------------------------
---------------------------------------------------------------------------------
Start Renaming Generated Nets
---------------------------------------------------------------------------------
---------------------------------------------------------------------------------
Finished Renaming Generated Nets : Time (s): cpu = 00:00:11 ; elapsed = 00:02:47 . Memory (MB): peak = 939.715 ; gain = 682.965
---------------------------------------------------------------------------------
---------------------------------------------------------------------------------
Start Writing Synthesis Report
---------------------------------------------------------------------------------

Report BlackBoxes: 
+-+--------------+----------+
| |BlackBox name |Instances |
+-+--------------+----------+
+-+--------------+----------+

Report Cell Usage: 
+------+-------+------+
|      |Cell   |Count |
+------+-------+------+
|1     |BUFG   |     4|
|2     |CARRY4 |  1093|
|3     |LUT1   |   657|
|4     |LUT2   |  1995|
|5     |LUT3   |   905|
|6     |LUT4   |  1830|
|7     |LUT5   |  1400|
|8     |LUT6   |  3747|
|9     |MUXF7  |    75|
|10    |MUXF8  |    18|
|11    |FDE_1  |    32|
|12    |FDRE   |   900|
|13    |FDSE   |    98|
|14    |IBUF   |    10|
|15    |OBUF   |    35|
|16    |OBUFT  |     1|
+------+-------+------+

Report Instance Areas: 
+------+--------------------------------------+--------------------+------+
|      |Instance                              |Module              |Cells |
+------+--------------------------------------+--------------------+------+
|1     |top                                   |                    | 12800|
|2     |  DebounceC                           |ButtonDebouncing    |   113|
|3     |    clock_1khz                        |var_clock_12        |    55|
|4     |    counter                           |Counter_100MHZ_13   |    54|
|5     |  Oled_display                        |Oled_Display        |  3614|
|6     |  ResetControl                        |GameReset           |    64|
|7     |  SevenSegControl                     |SevenSegDisplay     |   456|
|8     |    onehz                             |var_clock_11        |    60|
|9     |  clock_6p25MHZ                       |var_clock           |    52|
|10    |  pixelColourControl                  |PixelControl        |  8371|
|11    |    BombControl                       |Bomb                |  7033|
|12    |      FindFreeBomb                    |FreeBomb            |    25|
|13    |      \mod_inst1[0].Bombcounter       |BombCounter         |   117|
|14    |      \mod_inst1[1].Bombcounter       |BombCounter_5       |   117|
|15    |      \mod_inst1[2].Bombcounter       |BombCounter_6       |   116|
|16    |      \mod_inst1[3].Bombcounter       |BombCounter_7       |   116|
|17    |      \mod_inst2[0].ExplodeAnimation  |ExplodeBomb         |   991|
|18    |      \mod_inst2[1].ExplodeAnimation  |ExplodeBomb_8       |  1019|
|19    |      \mod_inst2[2].ExplodeAnimation  |ExplodeBomb_9       |   985|
|20    |      \mod_inst2[3].ExplodeAnimation  |ExplodeBomb_10      |   994|
|21    |    ColourControl                     |PixelDataControl    |   122|
|22    |      Player1                         |AnimateDeath        |    52|
|23    |        counter                       |Counter_100MHZ      |    50|
|24    |      player_blink                    |var_clock_4         |    59|
|25    |    ConcreteBlock                     |ConcreteBlocks      |    82|
|26    |      Concrete                        |CentreConcreteBlock |    40|
|27    |        Block69                       |isColourPixel_3     |    40|
|28    |      SideWall                        |Walls               |    42|
|29    |        TopBlock                      |isColourPixel_2     |    31|
|30    |    PlayerMovementControl             |PlayerMovement      |   880|
|31    |      Player1                         |Player              |    49|
|32    |        Player1                       |isColourPixel       |    49|
|33    |      clk40hz                         |var_clock_1         |    55|
|34    |    TrackPlayer1Square                |SquareTracker       |   254|
|35    |  twohundredhz                        |var_clock_0         |    55|
+------+--------------------------------------+--------------------+------+
---------------------------------------------------------------------------------
Finished Writing Synthesis Report : Time (s): cpu = 00:00:11 ; elapsed = 00:02:47 . Memory (MB): peak = 939.715 ; gain = 682.965
---------------------------------------------------------------------------------
Synthesis finished with 0 errors, 0 critical warnings and 39 warnings.
Synthesis Optimization Runtime : Time (s): cpu = 00:00:09 ; elapsed = 00:02:37 . Memory (MB): peak = 939.715 ; gain = 326.391
Synthesis Optimization Complete : Time (s): cpu = 00:00:11 ; elapsed = 00:02:47 . Memory (MB): peak = 939.715 ; gain = 682.965
INFO: [Project 1-571] Translating synthesized netlist
INFO: [Netlist 29-17] Analyzing 1228 Unisim elements for replacement
INFO: [Netlist 29-28] Unisim Transformation completed in 0 CPU seconds
INFO: [Project 1-570] Preparing netlist for logic optimization
INFO: [Opt 31-138] Pushed 0 inverter(s) to 0 load pin(s).
INFO: [Project 1-111] Unisim Transformation Summary:
  A total of 32 instances were transformed.
  FDE_1 => FDRE (inverted pins: C): 32 instances

INFO: [Common 17-83] Releasing license: Synthesis
202 Infos, 70 Warnings, 0 Critical Warnings and 0 Errors encountered.
synth_design completed successfully
synth_design: Time (s): cpu = 00:00:13 ; elapsed = 00:02:52 . Memory (MB): peak = 939.715 ; gain = 695.805
WARNING: [Constraints 18-5210] No constraint will be written out.
INFO: [Common 17-1381] The checkpoint 'C:/NUS/EE2026/EE2026/BomberMan.xpr/BomberMan/BomberMan.runs/synth_1/BomberGameTopLevel.dcp' has been generated.
INFO: [runtcl-4] Executing : report_utilization -file BomberGameTopLevel_utilization_synth.rpt -pb BomberGameTopLevel_utilization_synth.pb
report_utilization: Time (s): cpu = 00:00:00 ; elapsed = 00:00:00.074 . Memory (MB): peak = 939.715 ; gain = 0.000
INFO: [Common 17-206] Exiting Vivado at Sat Oct 26 16:41:55 2024...
