Copyright 1986-2018 Xilinx, Inc. All Rights Reserved.
-----------------------------------------------------------------------------------------------
| Tool Version : Vivado v.2018.2 (win64) Build 2258646 Thu Jun 14 20:03:12 MDT 2018
| Date         : Sun Oct 13 21:33:04 2024
| Host         : tendra running 64-bit major release  (build 9200)
| Command      : report_control_sets -verbose -file BomberGameTopLevel_control_sets_placed.rpt
| Design       : BomberGameTopLevel
| Device       : xc7a35t
-----------------------------------------------------------------------------------------------

Control Set Information

Table of Contents
-----------------
1. Summary
2. Histogram
3. Flip-Flop Distribution
4. Detailed Control Set Information

1. Summary
----------

+----------------------------------------------------------+-------+
|                          Status                          | Count |
+----------------------------------------------------------+-------+
| Number of unique control sets                            |    14 |
| Unused register locations in slices containing registers |    38 |
+----------------------------------------------------------+-------+


2. Histogram
------------

+--------+--------------+
| Fanout | Control Sets |
+--------+--------------+
|      2 |            1 |
|      4 |            2 |
|     12 |            1 |
|    16+ |           10 |
+--------+--------------+


3. Flip-Flop Distribution
-------------------------

+--------------+-----------------------+------------------------+-----------------+--------------+
| Clock Enable | Synchronous Set/Reset | Asynchronous Set/Reset | Total Registers | Total Slices |
+--------------+-----------------------+------------------------+-----------------+--------------+
| No           | No                    | No                     |              22 |            7 |
| No           | No                    | Yes                    |               0 |            0 |
| No           | Yes                   | No                     |             252 |           37 |
| Yes          | No                    | No                     |             208 |           41 |
| Yes          | No                    | Yes                    |               0 |            0 |
| Yes          | Yes                   | No                     |               0 |            0 |
+--------------+-----------------------+------------------------+-----------------+--------------+


4. Detailed Control Set Information
-----------------------------------

+----------------+----------------------------------------------------------------+--------------------------------------------------------+------------------+----------------+
|  Clock Signal  |                          Enable Signal                         |                    Set/Reset Signal                    | Slice Load Count | Bel Load Count |
+----------------+----------------------------------------------------------------+--------------------------------------------------------+------------------+----------------+
|  clk_0         |                                                                |                                                        |                1 |              2 |
|  clk_IBUF_BUFG |                                                                |                                                        |                2 |              4 |
| ~clk6p25m_BUFG |                                                                |                                                        |                2 |              4 |
|  clk6p25m_BUFG |                                                                |                                                        |                2 |             12 |
|  clk_0         | pixelColourControl/PlayerMovementControl/FuturePlayerMaxY      |                                                        |                8 |             24 |
|  clk_0         | pixelColourControl/PlayerMovementControl/PlayerMaxY[5]_i_1_n_0 |                                                        |                5 |             24 |
|  clk_0         | pixelColourControl/PlayerMovementControl/FuturePlayerMinX      |                                                        |                9 |             28 |
|  clk_0         | pixelColourControl/PlayerMovementControl/PlayerMaxX[6]_i_1_n_0 |                                                        |                5 |             28 |
| ~clk6p25m_BUFG |                                                                | Oled_display/frame_counter[16]_i_1_n_0                 |                5 |             34 |
| ~clk6p25m_BUFG | Oled_display/delay[0]_i_1_n_0                                  |                                                        |                5 |             40 |
|  clk_IBUF_BUFG |                                                                | pixelColourControl/PlayerMovementControl/clk40hz/clear |                8 |             64 |
|  clk_IBUF_BUFG |                                                                | clock_6p25MHZ/clear                                    |                8 |             64 |
| ~clk6p25m_BUFG | Oled_display/FSM_onehot_state[31]_i_1_n_0                      |                                                        |                9 |             64 |
| ~clk6p25m_BUFG |                                                                | Oled_display/spi_word[39]_i_1_n_0                      |               16 |             90 |
+----------------+----------------------------------------------------------------+--------------------------------------------------------+------------------+----------------+


