
*** Running vivado
    with args -log BomberGameTopLevel.vds -m64 -product Vivado -mode batch -messageDb vivado.pb -notrace -source BomberGameTopLevel.tcl


****** Vivado v2018.2 (64-bit)
  **** SW Build 2258646 on Thu Jun 14 20:03:12 MDT 2018
  **** IP Build 2256618 on Thu Jun 14 22:10:49 MDT 2018
    ** Copyright 1986-2018 Xilinx, Inc. All Rights Reserved.

source BomberGameTopLevel.tcl -notrace
Command: synth_design -top BomberGameTopLevel -part xc7a35tcpg236-1
Starting synth_design
Attempting to get a license for feature 'Synthesis' and/or device 'xc7a35t'
INFO: [Common 17-349] Got license for feature 'Synthesis' and/or device 'xc7a35t'
INFO: Launching helper process for spawning children vivado processes
INFO: Helper process launched with PID 10532 
---------------------------------------------------------------------------------
Starting RTL Elaboration : Time (s): cpu = 00:00:00 ; elapsed = 00:00:03 . Memory (MB): peak = 356.707 ; gain = 99.695
---------------------------------------------------------------------------------
INFO: [Synth 8-6157] synthesizing module 'BomberGameTopLevel' [C:/NUS/EE2026/BigTeamProject/BomberMan.srcs/sources_1/new/BomberGameTopLevel.v:23]
INFO: [Synth 8-6157] synthesizing module 'var_clock' [C:/NUS/EE2026/BigTeamProject/BomberMan.srcs/sources_1/new/var_clock.v:23]
INFO: [Synth 8-6155] done synthesizing module 'var_clock' (1#1) [C:/NUS/EE2026/BigTeamProject/BomberMan.srcs/sources_1/new/var_clock.v:23]
INFO: [Synth 8-6157] synthesizing module 'PixelControl' [C:/NUS/EE2026/BigTeamProject/BomberMan.srcs/sources_1/new/PixelControl.v:23]
INFO: [Synth 8-6157] synthesizing module 'ConcreteBlocks' [C:/NUS/EE2026/BigTeamProject/BomberMan.srcs/sources_1/new/ConcreteBlocks.v:23]
INFO: [Synth 8-6157] synthesizing module 'Walls' [C:/NUS/EE2026/BigTeamProject/BomberMan.srcs/sources_1/new/Walls.v:23]
INFO: [Synth 8-6157] synthesizing module 'isColourPixel' [C:/NUS/EE2026/BigTeamProject/BomberMan.srcs/sources_1/new/isColourPixel.v:25]
INFO: [Synth 8-6155] done synthesizing module 'isColourPixel' (2#1) [C:/NUS/EE2026/BigTeamProject/BomberMan.srcs/sources_1/new/isColourPixel.v:25]
INFO: [Synth 8-6155] done synthesizing module 'Walls' (3#1) [C:/NUS/EE2026/BigTeamProject/BomberMan.srcs/sources_1/new/Walls.v:23]
INFO: [Synth 8-6157] synthesizing module 'CentreConcreteBlock' [C:/NUS/EE2026/BigTeamProject/BomberMan.srcs/sources_1/new/CentreConcreteBlock.v:23]
	Parameter dimensions bound to: 9 - type: integer 
INFO: [Synth 8-6155] done synthesizing module 'CentreConcreteBlock' (4#1) [C:/NUS/EE2026/BigTeamProject/BomberMan.srcs/sources_1/new/CentreConcreteBlock.v:23]
INFO: [Synth 8-6155] done synthesizing module 'ConcreteBlocks' (5#1) [C:/NUS/EE2026/BigTeamProject/BomberMan.srcs/sources_1/new/ConcreteBlocks.v:23]
INFO: [Synth 8-6157] synthesizing module 'PlayerMovement' [C:/NUS/EE2026/BigTeamProject/BomberMan.srcs/sources_1/new/PlayerMovement.v:23]
INFO: [Synth 8-6157] synthesizing module 'CollisionCheck' [C:/NUS/EE2026/BigTeamProject/BomberMan.srcs/sources_1/new/CollisionCheck.v:23]
INFO: [Synth 8-6157] synthesizing module 'WithinXY' [C:/NUS/EE2026/BigTeamProject/BomberMan.srcs/sources_1/new/WithinXY.v:23]
INFO: [Synth 8-6155] done synthesizing module 'WithinXY' (6#1) [C:/NUS/EE2026/BigTeamProject/BomberMan.srcs/sources_1/new/WithinXY.v:23]
INFO: [Synth 8-6155] done synthesizing module 'CollisionCheck' (7#1) [C:/NUS/EE2026/BigTeamProject/BomberMan.srcs/sources_1/new/CollisionCheck.v:23]
INFO: [Synth 8-6157] synthesizing module 'Player' [C:/NUS/EE2026/BigTeamProject/BomberMan.srcs/sources_1/new/Player.v:23]
INFO: [Synth 8-6155] done synthesizing module 'Player' (8#1) [C:/NUS/EE2026/BigTeamProject/BomberMan.srcs/sources_1/new/Player.v:23]
INFO: [Synth 8-6155] done synthesizing module 'PlayerMovement' (9#1) [C:/NUS/EE2026/BigTeamProject/BomberMan.srcs/sources_1/new/PlayerMovement.v:23]
INFO: [Synth 8-6157] synthesizing module 'PixelDataControl' [C:/NUS/EE2026/BigTeamProject/BomberMan.srcs/sources_1/new/PixelDataControl.v:23]
INFO: [Synth 8-6155] done synthesizing module 'PixelDataControl' (10#1) [C:/NUS/EE2026/BigTeamProject/BomberMan.srcs/sources_1/new/PixelDataControl.v:23]
INFO: [Synth 8-6155] done synthesizing module 'PixelControl' (11#1) [C:/NUS/EE2026/BigTeamProject/BomberMan.srcs/sources_1/new/PixelControl.v:23]
INFO: [Synth 8-6157] synthesizing module 'Oled_Display' [C:/NUS/EE2026/BigTeamProject/BomberMan.srcs/sources_1/new/Oled_Display.v:36]
	Parameter Width bound to: 96 - type: integer 
	Parameter Height bound to: 64 - type: integer 
	Parameter PixelCount bound to: 6144 - type: integer 
	Parameter PixelCountWidth bound to: 13 - type: integer 
	Parameter ClkFreq bound to: 6250000 - type: integer 
	Parameter FrameFreq bound to: 60 - type: integer 
	Parameter FrameDiv bound to: 104166 - type: integer 
	Parameter FrameDivWidth bound to: 17 - type: integer 
	Parameter PowerDelay bound to: 20 - type: integer 
	Parameter ResetDelay bound to: 3 - type: integer 
	Parameter VccEnDelay bound to: 20 - type: integer 
	Parameter StartupCompleteDelay bound to: 100 - type: integer 
	Parameter MaxDelay bound to: 100 - type: integer 
	Parameter MaxDelayCount bound to: 625000 - type: integer 
	Parameter StateCount bound to: 32 - type: integer 
	Parameter StateWidth bound to: 5 - type: integer 
	Parameter PowerUp bound to: 5'b00000 
	Parameter Reset bound to: 5'b00001 
	Parameter ReleaseReset bound to: 5'b00011 
	Parameter EnableDriver bound to: 5'b00010 
	Parameter DisplayOff bound to: 5'b00110 
	Parameter SetRemapDisplayFormat bound to: 5'b00111 
	Parameter SetStartLine bound to: 5'b00101 
	Parameter SetOffset bound to: 5'b00100 
	Parameter SetNormalDisplay bound to: 5'b01100 
	Parameter SetMultiplexRatio bound to: 5'b01101 
	Parameter SetMasterConfiguration bound to: 5'b01111 
	Parameter DisablePowerSave bound to: 5'b01110 
	Parameter SetPhaseAdjust bound to: 5'b01010 
	Parameter SetDisplayClock bound to: 5'b01011 
	Parameter SetSecondPrechargeA bound to: 5'b01001 
	Parameter SetSecondPrechargeB bound to: 5'b01000 
	Parameter SetSecondPrechargeC bound to: 5'b11000 
	Parameter SetPrechargeLevel bound to: 5'b11001 
	Parameter SetVCOMH bound to: 5'b11011 
	Parameter SetMasterCurrent bound to: 5'b11010 
	Parameter SetContrastA bound to: 5'b11110 
	Parameter SetContrastB bound to: 5'b11111 
	Parameter SetContrastC bound to: 5'b11101 
	Parameter DisableScrolling bound to: 5'b11100 
	Parameter ClearScreen bound to: 5'b10100 
	Parameter VccEn bound to: 5'b10101 
	Parameter DisplayOn bound to: 5'b10111 
	Parameter PrepareNextFrame bound to: 5'b10110 
	Parameter SetColAddress bound to: 5'b10010 
	Parameter SetRowAddress bound to: 5'b10011 
	Parameter WaitNextFrame bound to: 5'b10001 
	Parameter SendPixel bound to: 5'b10000 
	Parameter SpiCommandMaxWidth bound to: 40 - type: integer 
	Parameter SpiCommandBitCountWidth bound to: 6 - type: integer 
INFO: [Synth 8-226] default block is never used [C:/NUS/EE2026/BigTeamProject/BomberMan.srcs/sources_1/new/Oled_Display.v:123]
INFO: [Synth 8-226] default block is never used [C:/NUS/EE2026/BigTeamProject/BomberMan.srcs/sources_1/new/Oled_Display.v:198]
WARNING: [Synth 8-693] zero replication count - replication ignored [C:/NUS/EE2026/BigTeamProject/BomberMan.srcs/sources_1/new/Oled_Display.v:346]
INFO: [Synth 8-6155] done synthesizing module 'Oled_Display' (12#1) [C:/NUS/EE2026/BigTeamProject/BomberMan.srcs/sources_1/new/Oled_Display.v:36]
INFO: [Synth 8-6155] done synthesizing module 'BomberGameTopLevel' (13#1) [C:/NUS/EE2026/BigTeamProject/BomberMan.srcs/sources_1/new/BomberGameTopLevel.v:23]
WARNING: [Synth 8-3331] design PlayerMovement has unconnected port clk6p25m
WARNING: [Synth 8-3331] design BomberGameTopLevel has unconnected port JC[2]
WARNING: [Synth 8-3331] design BomberGameTopLevel has unconnected port led[15]
WARNING: [Synth 8-3331] design BomberGameTopLevel has unconnected port led[14]
WARNING: [Synth 8-3331] design BomberGameTopLevel has unconnected port led[13]
WARNING: [Synth 8-3331] design BomberGameTopLevel has unconnected port led[12]
WARNING: [Synth 8-3331] design BomberGameTopLevel has unconnected port led[11]
WARNING: [Synth 8-3331] design BomberGameTopLevel has unconnected port led[10]
WARNING: [Synth 8-3331] design BomberGameTopLevel has unconnected port led[9]
WARNING: [Synth 8-3331] design BomberGameTopLevel has unconnected port led[8]
WARNING: [Synth 8-3331] design BomberGameTopLevel has unconnected port led[7]
WARNING: [Synth 8-3331] design BomberGameTopLevel has unconnected port led[6]
WARNING: [Synth 8-3331] design BomberGameTopLevel has unconnected port led[5]
WARNING: [Synth 8-3331] design BomberGameTopLevel has unconnected port led[4]
WARNING: [Synth 8-3331] design BomberGameTopLevel has unconnected port led[3]
WARNING: [Synth 8-3331] design BomberGameTopLevel has unconnected port led[2]
WARNING: [Synth 8-3331] design BomberGameTopLevel has unconnected port led[1]
WARNING: [Synth 8-3331] design BomberGameTopLevel has unconnected port SW[15]
WARNING: [Synth 8-3331] design BomberGameTopLevel has unconnected port SW[14]
WARNING: [Synth 8-3331] design BomberGameTopLevel has unconnected port SW[13]
WARNING: [Synth 8-3331] design BomberGameTopLevel has unconnected port SW[12]
WARNING: [Synth 8-3331] design BomberGameTopLevel has unconnected port SW[11]
WARNING: [Synth 8-3331] design BomberGameTopLevel has unconnected port SW[10]
WARNING: [Synth 8-3331] design BomberGameTopLevel has unconnected port SW[9]
WARNING: [Synth 8-3331] design BomberGameTopLevel has unconnected port SW[8]
WARNING: [Synth 8-3331] design BomberGameTopLevel has unconnected port SW[7]
WARNING: [Synth 8-3331] design BomberGameTopLevel has unconnected port SW[6]
WARNING: [Synth 8-3331] design BomberGameTopLevel has unconnected port SW[5]
WARNING: [Synth 8-3331] design BomberGameTopLevel has unconnected port SW[4]
WARNING: [Synth 8-3331] design BomberGameTopLevel has unconnected port SW[3]
WARNING: [Synth 8-3331] design BomberGameTopLevel has unconnected port SW[2]
WARNING: [Synth 8-3331] design BomberGameTopLevel has unconnected port SW[1]
WARNING: [Synth 8-3331] design BomberGameTopLevel has unconnected port SW[0]
---------------------------------------------------------------------------------
Finished RTL Elaboration : Time (s): cpu = 00:00:01 ; elapsed = 00:00:04 . Memory (MB): peak = 411.859 ; gain = 154.848
---------------------------------------------------------------------------------

Report Check Netlist: 
+------+------------------+-------+---------+-------+------------------+
|      |Item              |Errors |Warnings |Status |Description       |
+------+------------------+-------+---------+-------+------------------+
|1     |multi_driven_nets |      0|        0|Passed |Multi driven nets |
+------+------------------+-------+---------+-------+------------------+
---------------------------------------------------------------------------------
Start Handling Custom Attributes
---------------------------------------------------------------------------------
---------------------------------------------------------------------------------
Finished Handling Custom Attributes : Time (s): cpu = 00:00:01 ; elapsed = 00:00:04 . Memory (MB): peak = 411.859 ; gain = 154.848
---------------------------------------------------------------------------------
---------------------------------------------------------------------------------
Finished RTL Optimization Phase 1 : Time (s): cpu = 00:00:01 ; elapsed = 00:00:04 . Memory (MB): peak = 411.859 ; gain = 154.848
---------------------------------------------------------------------------------
INFO: [Device 21-403] Loading part xc7a35tcpg236-1
INFO: [Project 1-570] Preparing netlist for logic optimization

Processing XDC Constraints
Initializing timing engine
Parsing XDC File [C:/NUS/EE2026/BigTeamProject/BomberMan.srcs/constrs_1/new/my_constraints.xdc]
Finished Parsing XDC File [C:/NUS/EE2026/BigTeamProject/BomberMan.srcs/constrs_1/new/my_constraints.xdc]
INFO: [Project 1-236] Implementation specific constraints were found while reading constraint file [C:/NUS/EE2026/BigTeamProject/BomberMan.srcs/constrs_1/new/my_constraints.xdc]. These constraints will be ignored for synthesis but will be used in implementation. Impacted constraints are listed in the file [.Xil/BomberGameTopLevel_propImpl.xdc].
Resolution: To avoid this warning, move constraints listed in [.Xil/BomberGameTopLevel_propImpl.xdc] to another XDC file and exclude this new file from synthesis with the used_in_synthesis property (File Properties dialog in GUI) and re-run elaboration/synthesis.
Completed Processing XDC Constraints

INFO: [Project 1-111] Unisim Transformation Summary:
No Unisim elements were transformed.

Constraint Validation Runtime : Time (s): cpu = 00:00:00 ; elapsed = 00:00:00.002 . Memory (MB): peak = 753.277 ; gain = 0.000
---------------------------------------------------------------------------------
Finished Constraint Validation : Time (s): cpu = 00:00:04 ; elapsed = 00:00:16 . Memory (MB): peak = 753.277 ; gain = 496.266
---------------------------------------------------------------------------------
---------------------------------------------------------------------------------
Start Loading Part and Timing Information
---------------------------------------------------------------------------------
Loading part: xc7a35tcpg236-1
---------------------------------------------------------------------------------
Finished Loading Part and Timing Information : Time (s): cpu = 00:00:04 ; elapsed = 00:00:16 . Memory (MB): peak = 753.277 ; gain = 496.266
---------------------------------------------------------------------------------
---------------------------------------------------------------------------------
Start Applying 'set_property' XDC Constraints
---------------------------------------------------------------------------------
---------------------------------------------------------------------------------
Finished applying 'set_property' XDC Constraints : Time (s): cpu = 00:00:04 ; elapsed = 00:00:16 . Memory (MB): peak = 753.277 ; gain = 496.266
---------------------------------------------------------------------------------
INFO: [Synth 8-5545] ROM "SLOW_CLOCK" won't be mapped to RAM because address size (32) is larger than maximum supported(25)
INFO: [Synth 8-5818] HDL ADVISOR - The operator resource <adder> is shared. To prevent sharing consider applying a KEEP on the output of the operator [C:/NUS/EE2026/BigTeamProject/BomberMan.srcs/sources_1/new/PlayerMovement.v:59]
INFO: [Synth 8-5818] HDL ADVISOR - The operator resource <adder> is shared. To prevent sharing consider applying a KEEP on the output of the operator [C:/NUS/EE2026/BigTeamProject/BomberMan.srcs/sources_1/new/PlayerMovement.v:59]
INFO: [Synth 8-5818] HDL ADVISOR - The operator resource <adder> is shared. To prevent sharing consider applying a KEEP on the output of the operator [C:/NUS/EE2026/BigTeamProject/BomberMan.srcs/sources_1/new/PlayerMovement.v:58]
INFO: [Synth 8-5818] HDL ADVISOR - The operator resource <adder> is shared. To prevent sharing consider applying a KEEP on the output of the operator [C:/NUS/EE2026/BigTeamProject/BomberMan.srcs/sources_1/new/PlayerMovement.v:58]
INFO: [Synth 8-802] inferred FSM for state register 'state_reg' in module 'Oled_Display'
INFO: [Synth 8-5546] ROM "fsm_next_state0" won't be mapped to RAM because it is too sparse
INFO: [Synth 8-5544] ROM "fsm_next_state0" won't be mapped to Block RAM because address size (1) smaller than threshold (5)
INFO: [Synth 8-5546] ROM "fsm_next_state0" won't be mapped to RAM because it is too sparse
---------------------------------------------------------------------------------------------------
                   State |                     New Encoding |                Previous Encoding 
---------------------------------------------------------------------------------------------------
                 PowerUp | 00000000100000000000000000000000 |                            00000
                   Reset | 00000000000100000000000000000000 |                            00001
            ReleaseReset | 00000000000000000000100000000000 |                            00011
            EnableDriver | 00000000000000000001000000000000 |                            00010
              DisplayOff | 00000000000000000100000000000000 |                            00110
   SetRemapDisplayFormat | 00000100000000000000000000000000 |                            00111
            SetStartLine | 00001000000000000000000000000000 |                            00101
               SetOffset | 10000000000000000000000000000000 |                            00100
        SetNormalDisplay | 00000000000000000000000010000000 |                            01100
       SetMultiplexRatio | 00000000000000000000000000100000 |                            01101
  SetMasterConfiguration | 00000000000000000000000001000000 |                            01111
        DisablePowerSave | 00000000000000000000000000000100 |                            01110
          SetPhaseAdjust | 00000000000000000000000000001000 |                            01010
         SetDisplayClock | 00000000001000000000000000000000 |                            01011
     SetSecondPrechargeA | 00000000010000000000000000000000 |                            01001
     SetSecondPrechargeB | 01000000000000000000000000000000 |                            01000
     SetSecondPrechargeC | 00000010000000000000000000000000 |                            11000
       SetPrechargeLevel | 00000001000000000000000000000000 |                            11001
                SetVCOMH | 00000000000000010000000000000000 |                            11011
        SetMasterCurrent | 00000000000000100000000000000000 |                            11010
            SetContrastA | 00000000000001000000000000000000 |                            11110
            SetContrastB | 00100000000000000000000000000000 |                            11111
            SetContrastC | 00000000000000000000000000000001 |                            11101
        DisableScrolling | 00000000000000000000000000000010 |                            11100
             ClearScreen | 00000000000000000000000000010000 |                            10100
                   VccEn | 00010000000000000000000000000000 |                            10101
               DisplayOn | 00000000000010000000000000000000 |                            10111
        PrepareNextFrame | 00000000000000001000000000000000 |                            10110
           SetColAddress | 00000000000000000000010000000000 |                            10010
           SetRowAddress | 00000000000000000000000100000000 |                            10011
           WaitNextFrame | 00000000000000000000001000000000 |                            10001
               SendPixel | 00000000000000000010000000000000 |                            10000
---------------------------------------------------------------------------------------------------
INFO: [Synth 8-3354] encoded FSM with state register 'state_reg' using encoding 'one-hot' in module 'Oled_Display'
---------------------------------------------------------------------------------
Finished RTL Optimization Phase 2 : Time (s): cpu = 00:00:04 ; elapsed = 00:00:17 . Memory (MB): peak = 753.277 ; gain = 496.266
---------------------------------------------------------------------------------

Report RTL Partitions: 
+-+--------------+------------+----------+
| |RTL Partition |Replication |Instances |
+-+--------------+------------+----------+
+-+--------------+------------+----------+
---------------------------------------------------------------------------------
Start RTL Component Statistics 
---------------------------------------------------------------------------------
Detailed RTL Component Info : 
+---Adders : 
	   2 Input     17 Bit       Adders := 1     
	   2 Input      7 Bit       Adders := 6     
	   2 Input      6 Bit       Adders := 7     
+---Registers : 
	               40 Bit    Registers := 1     
	               17 Bit    Registers := 1     
	               16 Bit    Registers := 1     
	                7 Bit    Registers := 4     
	                6 Bit    Registers := 5     
	                1 Bit    Registers := 3     
+---Muxes : 
	   2 Input     40 Bit        Muxes := 3     
	  32 Input     32 Bit        Muxes := 1     
	   2 Input     32 Bit        Muxes := 2     
	  32 Input     20 Bit        Muxes := 1     
	   2 Input     17 Bit        Muxes := 1     
	   5 Input     16 Bit        Muxes := 1     
	   2 Input      7 Bit        Muxes := 8     
	   2 Input      6 Bit        Muxes := 9     
	  32 Input      6 Bit        Muxes := 1     
	   2 Input      5 Bit        Muxes := 2     
	  32 Input      5 Bit        Muxes := 1     
	   2 Input      1 Bit        Muxes := 16    
---------------------------------------------------------------------------------
Finished RTL Component Statistics 
---------------------------------------------------------------------------------
---------------------------------------------------------------------------------
Start RTL Hierarchical Component Statistics 
---------------------------------------------------------------------------------
Hierarchical RTL Component report 
Module var_clock 
Detailed RTL Component Info : 
+---Registers : 
	                1 Bit    Registers := 1     
+---Muxes : 
	   2 Input      1 Bit        Muxes := 1     
Module PlayerMovement 
Detailed RTL Component Info : 
+---Adders : 
	   2 Input      7 Bit       Adders := 6     
	   2 Input      6 Bit       Adders := 6     
+---Registers : 
	                7 Bit    Registers := 4     
	                6 Bit    Registers := 4     
	                1 Bit    Registers := 1     
+---Muxes : 
	   2 Input      7 Bit        Muxes := 8     
	   2 Input      6 Bit        Muxes := 8     
	   2 Input      1 Bit        Muxes := 12    
Module PixelDataControl 
Detailed RTL Component Info : 
+---Registers : 
	               16 Bit    Registers := 1     
+---Muxes : 
	   5 Input     16 Bit        Muxes := 1     
Module Oled_Display 
Detailed RTL Component Info : 
+---Adders : 
	   2 Input     17 Bit       Adders := 1     
	   2 Input      6 Bit       Adders := 1     
+---Registers : 
	               40 Bit    Registers := 1     
	               17 Bit    Registers := 1     
	                6 Bit    Registers := 1     
+---Muxes : 
	   2 Input     40 Bit        Muxes := 3     
	  32 Input     32 Bit        Muxes := 1     
	   2 Input     32 Bit        Muxes := 2     
	  32 Input     20 Bit        Muxes := 1     
	   2 Input     17 Bit        Muxes := 1     
	  32 Input      6 Bit        Muxes := 1     
	   2 Input      6 Bit        Muxes := 1     
	   2 Input      5 Bit        Muxes := 2     
	  32 Input      5 Bit        Muxes := 1     
	   2 Input      1 Bit        Muxes := 2     
---------------------------------------------------------------------------------
Finished RTL Hierarchical Component Statistics
---------------------------------------------------------------------------------
---------------------------------------------------------------------------------
Start Part Resource Summary
---------------------------------------------------------------------------------
Part Resources:
DSPs: 90 (col length:60)
BRAMs: 100 (col length: RAMB18 60 RAMB36 30)
---------------------------------------------------------------------------------
Finished Part Resource Summary
---------------------------------------------------------------------------------
---------------------------------------------------------------------------------
Start Cross Boundary and Area Optimization
---------------------------------------------------------------------------------
Warning: Parallel synthesis criteria is not met 
INFO: [Synth 8-5545] ROM "SLOW_CLOCK" won't be mapped to RAM because address size (32) is larger than maximum supported(25)
INFO: [Synth 8-5545] ROM "PlayerMovementControl/clk40hz/SLOW_CLOCK" won't be mapped to RAM because address size (32) is larger than maximum supported(25)
INFO: [Synth 8-5546] ROM "fsm_next_state0" won't be mapped to RAM because it is too sparse
INFO: [Synth 8-5546] ROM "fsm_next_state0" won't be mapped to RAM because it is too sparse
WARNING: [Synth 8-3331] design BomberGameTopLevel has unconnected port JC[2]
WARNING: [Synth 8-3331] design BomberGameTopLevel has unconnected port led[15]
WARNING: [Synth 8-3331] design BomberGameTopLevel has unconnected port led[14]
WARNING: [Synth 8-3331] design BomberGameTopLevel has unconnected port led[13]
WARNING: [Synth 8-3331] design BomberGameTopLevel has unconnected port led[12]
WARNING: [Synth 8-3331] design BomberGameTopLevel has unconnected port led[11]
WARNING: [Synth 8-3331] design BomberGameTopLevel has unconnected port led[10]
WARNING: [Synth 8-3331] design BomberGameTopLevel has unconnected port led[9]
WARNING: [Synth 8-3331] design BomberGameTopLevel has unconnected port led[8]
WARNING: [Synth 8-3331] design BomberGameTopLevel has unconnected port led[7]
WARNING: [Synth 8-3331] design BomberGameTopLevel has unconnected port led[6]
WARNING: [Synth 8-3331] design BomberGameTopLevel has unconnected port led[5]
WARNING: [Synth 8-3331] design BomberGameTopLevel has unconnected port led[4]
WARNING: [Synth 8-3331] design BomberGameTopLevel has unconnected port led[3]
WARNING: [Synth 8-3331] design BomberGameTopLevel has unconnected port led[2]
WARNING: [Synth 8-3331] design BomberGameTopLevel has unconnected port led[1]
WARNING: [Synth 8-3331] design BomberGameTopLevel has unconnected port SW[15]
WARNING: [Synth 8-3331] design BomberGameTopLevel has unconnected port SW[14]
WARNING: [Synth 8-3331] design BomberGameTopLevel has unconnected port SW[13]
WARNING: [Synth 8-3331] design BomberGameTopLevel has unconnected port SW[12]
WARNING: [Synth 8-3331] design BomberGameTopLevel has unconnected port SW[11]
WARNING: [Synth 8-3331] design BomberGameTopLevel has unconnected port SW[10]
WARNING: [Synth 8-3331] design BomberGameTopLevel has unconnected port SW[9]
WARNING: [Synth 8-3331] design BomberGameTopLevel has unconnected port SW[8]
WARNING: [Synth 8-3331] design BomberGameTopLevel has unconnected port SW[7]
WARNING: [Synth 8-3331] design BomberGameTopLevel has unconnected port SW[6]
WARNING: [Synth 8-3331] design BomberGameTopLevel has unconnected port SW[5]
WARNING: [Synth 8-3331] design BomberGameTopLevel has unconnected port SW[4]
WARNING: [Synth 8-3331] design BomberGameTopLevel has unconnected port SW[3]
WARNING: [Synth 8-3331] design BomberGameTopLevel has unconnected port SW[2]
WARNING: [Synth 8-3331] design BomberGameTopLevel has unconnected port SW[1]
WARNING: [Synth 8-3331] design BomberGameTopLevel has unconnected port SW[0]
INFO: [Synth 8-3886] merging instance 'pixelColourControl/ColourControl/pixel_data_reg[0]' (FD) to 'pixelColourControl/ColourControl/pixel_data_reg[14]'
INFO: [Synth 8-3886] merging instance 'pixelColourControl/ColourControl/pixel_data_reg[2]' (FD) to 'pixelColourControl/ColourControl/pixel_data_reg[14]'
INFO: [Synth 8-3886] merging instance 'pixelColourControl/ColourControl/pixel_data_reg[3]' (FD) to 'pixelColourControl/ColourControl/pixel_data_reg[13]'
INFO: [Synth 8-3886] merging instance 'pixelColourControl/ColourControl/pixel_data_reg[4]' (FD) to 'pixelColourControl/ColourControl/pixel_data_reg[14]'
INFO: [Synth 8-3886] merging instance 'pixelColourControl/ColourControl/pixel_data_reg[5]' (FD) to 'pixelColourControl/ColourControl/pixel_data_reg[8]'
INFO: [Synth 8-3886] merging instance 'pixelColourControl/ColourControl/pixel_data_reg[7]' (FD) to 'pixelColourControl/ColourControl/pixel_data_reg[9]'
INFO: [Synth 8-3886] merging instance 'pixelColourControl/ColourControl/pixel_data_reg[8]' (FD) to 'pixelColourControl/ColourControl/pixel_data_reg[10]'
INFO: [Synth 8-3886] merging instance 'pixelColourControl/ColourControl/pixel_data_reg[11]' (FD) to 'pixelColourControl/ColourControl/pixel_data_reg[14]'
INFO: [Synth 8-3886] merging instance 'pixelColourControl/ColourControl/pixel_data_reg[13]' (FD) to 'pixelColourControl/ColourControl/pixel_data_reg[15]'
INFO: [Synth 8-3333] propagating constant 0 across sequential element (\pixelColourControl/ColourControl/pixel_data_reg[14] )
WARNING: [Synth 8-3332] Sequential element (pixelColourControl/ColourControl/pixel_data_reg[14]) is unused and will be removed from module BomberGameTopLevel.
---------------------------------------------------------------------------------
Finished Cross Boundary and Area Optimization : Time (s): cpu = 00:00:07 ; elapsed = 00:00:26 . Memory (MB): peak = 753.277 ; gain = 496.266
---------------------------------------------------------------------------------

Report RTL Partitions: 
+-+--------------+------------+----------+
| |RTL Partition |Replication |Instances |
+-+--------------+------------+----------+
+-+--------------+------------+----------+
---------------------------------------------------------------------------------
Start Applying XDC Timing Constraints
---------------------------------------------------------------------------------
---------------------------------------------------------------------------------
Finished Applying XDC Timing Constraints : Time (s): cpu = 00:00:11 ; elapsed = 00:00:39 . Memory (MB): peak = 753.277 ; gain = 496.266
---------------------------------------------------------------------------------
---------------------------------------------------------------------------------
Start Timing Optimization
---------------------------------------------------------------------------------
---------------------------------------------------------------------------------
Finished Timing Optimization : Time (s): cpu = 00:00:11 ; elapsed = 00:00:40 . Memory (MB): peak = 772.820 ; gain = 515.809
---------------------------------------------------------------------------------

Report RTL Partitions: 
+-+--------------+------------+----------+
| |RTL Partition |Replication |Instances |
+-+--------------+------------+----------+
+-+--------------+------------+----------+
---------------------------------------------------------------------------------
Start Technology Mapping
---------------------------------------------------------------------------------
---------------------------------------------------------------------------------
Finished Technology Mapping : Time (s): cpu = 00:00:12 ; elapsed = 00:00:42 . Memory (MB): peak = 795.059 ; gain = 538.047
---------------------------------------------------------------------------------

Report RTL Partitions: 
+-+--------------+------------+----------+
| |RTL Partition |Replication |Instances |
+-+--------------+------------+----------+
+-+--------------+------------+----------+
---------------------------------------------------------------------------------
Start IO Insertion
---------------------------------------------------------------------------------
---------------------------------------------------------------------------------
Start Flattening Before IO Insertion
---------------------------------------------------------------------------------
---------------------------------------------------------------------------------
Finished Flattening Before IO Insertion
---------------------------------------------------------------------------------
---------------------------------------------------------------------------------
Start Final Netlist Cleanup
---------------------------------------------------------------------------------
---------------------------------------------------------------------------------
Finished Final Netlist Cleanup
---------------------------------------------------------------------------------
---------------------------------------------------------------------------------
Finished IO Insertion : Time (s): cpu = 00:00:13 ; elapsed = 00:00:44 . Memory (MB): peak = 795.059 ; gain = 538.047
---------------------------------------------------------------------------------

Report Check Netlist: 
+------+------------------+-------+---------+-------+------------------+
|      |Item              |Errors |Warnings |Status |Description       |
+------+------------------+-------+---------+-------+------------------+
|1     |multi_driven_nets |      0|        0|Passed |Multi driven nets |
+------+------------------+-------+---------+-------+------------------+
---------------------------------------------------------------------------------
Start Renaming Generated Instances
---------------------------------------------------------------------------------
---------------------------------------------------------------------------------
Finished Renaming Generated Instances : Time (s): cpu = 00:00:13 ; elapsed = 00:00:44 . Memory (MB): peak = 795.059 ; gain = 538.047
---------------------------------------------------------------------------------

Report RTL Partitions: 
+-+--------------+------------+----------+
| |RTL Partition |Replication |Instances |
+-+--------------+------------+----------+
+-+--------------+------------+----------+
---------------------------------------------------------------------------------
Start Rebuilding User Hierarchy
---------------------------------------------------------------------------------
---------------------------------------------------------------------------------
Finished Rebuilding User Hierarchy : Time (s): cpu = 00:00:13 ; elapsed = 00:00:44 . Memory (MB): peak = 795.059 ; gain = 538.047
---------------------------------------------------------------------------------
---------------------------------------------------------------------------------
Start Renaming Generated Ports
---------------------------------------------------------------------------------
---------------------------------------------------------------------------------
Finished Renaming Generated Ports : Time (s): cpu = 00:00:13 ; elapsed = 00:00:45 . Memory (MB): peak = 795.059 ; gain = 538.047
---------------------------------------------------------------------------------
---------------------------------------------------------------------------------
Start Handling Custom Attributes
---------------------------------------------------------------------------------
---------------------------------------------------------------------------------
Finished Handling Custom Attributes : Time (s): cpu = 00:00:13 ; elapsed = 00:00:45 . Memory (MB): peak = 795.059 ; gain = 538.047
---------------------------------------------------------------------------------
---------------------------------------------------------------------------------
Start Renaming Generated Nets
---------------------------------------------------------------------------------
---------------------------------------------------------------------------------
Finished Renaming Generated Nets : Time (s): cpu = 00:00:13 ; elapsed = 00:00:45 . Memory (MB): peak = 795.059 ; gain = 538.047
---------------------------------------------------------------------------------
---------------------------------------------------------------------------------
Start Writing Synthesis Report
---------------------------------------------------------------------------------

Report BlackBoxes: 
+-+--------------+----------+
| |BlackBox name |Instances |
+-+--------------+----------+
+-+--------------+----------+

Report Cell Usage: 
+------+-------+------+
|      |Cell   |Count |
+------+-------+------+
|1     |BUFG   |     3|
|2     |CARRY4 |   320|
|3     |LUT1   |    84|
|4     |LUT2   |   834|
|5     |LUT3   |   356|
|6     |LUT4   |   168|
|7     |LUT5   |   206|
|8     |LUT6   |   357|
|9     |MUXF7  |    13|
|10    |FDE_1  |    32|
|11    |FDRE   |   209|
|12    |IBUF   |     6|
|13    |OBUF   |     8|
|14    |OBUFT  |    16|
+------+-------+------+

Report Instance Areas: 
+------+--------------------------+--------------------+------+
|      |Instance                  |Module              |Cells |
+------+--------------------------+--------------------+------+
|1     |top                       |                    |  2612|
|2     |  Oled_display            |Oled_Display        |  1756|
|3     |  clock_6p25MHZ           |var_clock           |    63|
|4     |  pixelColourControl      |PixelControl        |   669|
|5     |    ColourControl         |PixelDataControl    |   230|
|6     |    ConcreteBlock         |ConcreteBlocks      |   183|
|7     |      Concrete            |CentreConcreteBlock |     9|
|8     |      SideWall            |Walls               |    58|
|9     |        TopBlock          |isColourPixel_1     |    58|
|10    |    PlayerMovementControl |PlayerMovement      |   252|
|11    |      Player1             |Player              |     2|
|12    |        Player1           |isColourPixel       |     2|
|13    |      clk40hz             |var_clock_0         |    55|
+------+--------------------------+--------------------+------+
---------------------------------------------------------------------------------
Finished Writing Synthesis Report : Time (s): cpu = 00:00:13 ; elapsed = 00:00:45 . Memory (MB): peak = 795.059 ; gain = 538.047
---------------------------------------------------------------------------------
Synthesis finished with 0 errors, 0 critical warnings and 33 warnings.
Synthesis Optimization Runtime : Time (s): cpu = 00:00:10 ; elapsed = 00:00:36 . Memory (MB): peak = 795.059 ; gain = 196.629
Synthesis Optimization Complete : Time (s): cpu = 00:00:13 ; elapsed = 00:00:45 . Memory (MB): peak = 795.059 ; gain = 538.047
INFO: [Project 1-571] Translating synthesized netlist
INFO: [Netlist 29-17] Analyzing 371 Unisim elements for replacement
INFO: [Netlist 29-28] Unisim Transformation completed in 0 CPU seconds
INFO: [Project 1-570] Preparing netlist for logic optimization
INFO: [Opt 31-138] Pushed 0 inverter(s) to 0 load pin(s).
INFO: [Project 1-111] Unisim Transformation Summary:
  A total of 32 instances were transformed.
  FDE_1 => FDRE (inverted pins: C): 32 instances

INFO: [Common 17-83] Releasing license: Synthesis
64 Infos, 67 Warnings, 0 Critical Warnings and 0 Errors encountered.
synth_design completed successfully
synth_design: Time (s): cpu = 00:00:16 ; elapsed = 00:00:50 . Memory (MB): peak = 795.059 ; gain = 550.758
WARNING: [Constraints 18-5210] No constraint will be written out.
INFO: [Common 17-1381] The checkpoint 'C:/NUS/EE2026/BigTeamProject/BomberMan.runs/synth_1/BomberGameTopLevel.dcp' has been generated.
INFO: [runtcl-4] Executing : report_utilization -file BomberGameTopLevel_utilization_synth.rpt -pb BomberGameTopLevel_utilization_synth.pb
report_utilization: Time (s): cpu = 00:00:00 ; elapsed = 00:00:00.081 . Memory (MB): peak = 795.059 ; gain = 0.000
INFO: [Common 17-206] Exiting Vivado at Sun Oct 13 21:31:48 2024...
